Compiling the C compiler identification source file "CMakeCCompilerId.c" failed.
Compiler: /Library/Developer/CommandLineTools/usr/bin/cc 
Build flags: ;-fPIC
Id flags:  

The output was:
1
ld: library not found for -lSystem
clang: error: linker command failed with exit code 1 (use -v to see invocation)


Compiling the CXX compiler identification source file "CMakeCXXCompilerId.cpp" failed.
Compiler: /Library/Developer/CommandLineTools/usr/bin/c++ 
Build flags: 
Id flags:  

The output was:
1
ld: library not found for -lc++
clang: error: linker command failed with exit code 1 (use -v to see invocation)


Performing C++ SOURCE FILE Test MSGPACK_ENABLE_GCC_CXX_ATOMIC failed with the following output:
Change Dir: /Users/shi-rongliu/tool/neovim-master/.deps/build/src/msgpack-build/CMakeFiles/CMakeTmp

Run Build Command(s):/usr/bin/make cmTC_dc2d8/fast && /Library/Developer/CommandLineTools/usr/bin/make  -f CMakeFiles/cmTC_dc2d8.dir/build.make CMakeFiles/cmTC_dc2d8.dir/build
Building CXX object CMakeFiles/cmTC_dc2d8.dir/src.cxx.o
/Library/Developer/CommandLineTools/usr/bin/c++ -DMSGPACK_ENABLE_GCC_CXX_ATOMIC  -DMSGPACK_DEFAULT_API_VERSION=3 -std=c++98   -isysroot /Library/Developer/CommandLineTools/SDKs/MacOSX11.1.sdk -o CMakeFiles/cmTC_dc2d8.dir/src.cxx.o -c /Users/shi-rongliu/tool/neovim-master/.deps/build/src/msgpack-build/CMakeFiles/CMakeTmp/src.cxx
/Users/shi-rongliu/tool/neovim-master/.deps/build/src/msgpack-build/CMakeFiles/CMakeTmp/src.cxx:2:10: fatal error: 'bits/atomicity.h' file not found
#include <bits/atomicity.h>
         ^~~~~~~~~~~~~~~~~~
1 error generated.
make[5]: *** [CMakeFiles/cmTC_dc2d8.dir/src.cxx.o] Error 1
make[4]: *** [cmTC_dc2d8/fast] Error 2


Source file was:

#include <bits/atomicity.h>
int atomic_sub(int i) { return __gnu_cxx::__exchange_and_add(&i, -1) - 1; }
int atomic_add(int i) { return __gnu_cxx::__exchange_and_add(&i, 1) + 1; }
int main(int argc, char * argv[])
{
    atomic_sub(1);
    atomic_add(1);
}

