This file contains any messages produced by compilers while
running configure, to aid debugging if configure makes a mistake.

It was created by configure, which was
generated by GNU Autoconf 2.69.  Invocation command line was

  $ /Users/shi-rongliu/tool/neovim-master/.deps/build/src/gperf/configure --prefix=/Users/shi-rongliu/tool/neovim-master/.deps/usr MAKE=/Library/Developer/CommandLineTools/usr/bin/make CC=/Library/Developer/CommandLineTools/usr/bin/cc -isysroot/Library/Developer/CommandLineTools/SDKs/MacOSX11.1.sdk CXX=/Library/Developer/CommandLineTools/usr/bin/c++ -isysroot/Library/Developer/CommandLineTools/SDKs/MacOSX11.1.sdk LD=/Library/Developer/CommandLineTools/usr/bin/cc -isysroot/Library/Developer/CommandLineTools/SDKs/MacOSX11.1.sdk

## --------- ##
## Platform. ##
## --------- ##

hostname = Shi-Rongs-MacBook-Pro.local
uname -m = x86_64
uname -r = 20.3.0
uname -s = Darwin
uname -v = Darwin Kernel Version 20.3.0: Thu Jan 21 00:07:06 PST 2021; root:xnu-7195.81.3~1/RELEASE_X86_64

/usr/bin/uname -p = i386
/bin/uname -X     = unknown

/bin/arch              = unknown
/usr/bin/arch -k       = unknown
/usr/convex/getsysinfo = unknown
/usr/bin/hostinfo      = Mach kernel version:
	 Darwin Kernel Version 20.3.0: Thu Jan 21 00:07:06 PST 2021; root:xnu-7195.81.3~1/RELEASE_X86_64
Kernel configured for up to 4 processors.
2 processors are physically available.
4 processors are logically available.
Processor type: x86_64h (Intel x86-64h Haswell)
Processors active: 0 1 2 3
Primary memory available: 8.00 gigabytes
Default processor set: 519 tasks, 3361 threads, 4 processors
Load average: 2.40, Mach factor: 1.77
/bin/machine           = unknown
/usr/bin/oslevel       = unknown
/bin/universe          = unknown

PATH: /usr/local/sbin
PATH: /usr/local/sbin
PATH: /usr/local/Cellar/macvim/8.0-133/MacVim.app/Contents/bin
PATH: /Users/shi-rongliu/bin
PATH: /usr/local/bin
PATH: /usr/local/bin
PATH: /usr/bin
PATH: /bin
PATH: /usr/sbin
PATH: /sbin
PATH: /Library/TeX/texbin
PATH: /Library/Apple/usr/bin
PATH: /usr/local/sbin
PATH: /usr/local/Cellar/macvim/8.0-133/MacVim.app/Contents/bin
PATH: /Users/shi-rongliu/bin
PATH: /Users/shi-rongliu/.rvm/bin


## ----------- ##
## Core tests. ##
## ----------- ##

configure:1696: checking whether /Library/Developer/CommandLineTools/usr/bin/make sets $(MAKE)
configure:1718: result: yes
configure:1905: creating ./config.status

## ---------------------- ##
## Running config.status. ##
## ---------------------- ##

This file was extended by config.status, which was
generated by GNU Autoconf 2.69.  Invocation command line was

  CONFIG_FILES    = 
  CONFIG_HEADERS  = 
  CONFIG_LINKS    = 
  CONFIG_COMMANDS = 
  $ ./config.status 

on Shi-Rongs-MacBook-Pro.local

config.status:713: creating Makefile
configure:2976: === configuring in lib (/Users/shi-rongliu/tool/neovim-master/.deps/build/src/gperf/lib)
configure:3039: running /bin/sh ./configure --disable-option-checking '--prefix=/Users/shi-rongliu/tool/neovim-master/.deps/usr'  'MAKE=/Library/Developer/CommandLineTools/usr/bin/make' 'CC=/Library/Developer/CommandLineTools/usr/bin/cc -isysroot/Library/Developer/CommandLineTools/SDKs/MacOSX11.1.sdk' 'CXX=/Library/Developer/CommandLineTools/usr/bin/c++ -isysroot/Library/Developer/CommandLineTools/SDKs/MacOSX11.1.sdk' 'LD=/Library/Developer/CommandLineTools/usr/bin/cc -isysroot/Library/Developer/CommandLineTools/SDKs/MacOSX11.1.sdk' --cache-file=/dev/null --srcdir=.
configure:2976: === configuring in src (/Users/shi-rongliu/tool/neovim-master/.deps/build/src/gperf/src)
configure:3039: running /bin/sh ./configure --disable-option-checking '--prefix=/Users/shi-rongliu/tool/neovim-master/.deps/usr'  'MAKE=/Library/Developer/CommandLineTools/usr/bin/make' 'CC=/Library/Developer/CommandLineTools/usr/bin/cc -isysroot/Library/Developer/CommandLineTools/SDKs/MacOSX11.1.sdk' 'CXX=/Library/Developer/CommandLineTools/usr/bin/c++ -isysroot/Library/Developer/CommandLineTools/SDKs/MacOSX11.1.sdk' 'LD=/Library/Developer/CommandLineTools/usr/bin/cc -isysroot/Library/Developer/CommandLineTools/SDKs/MacOSX11.1.sdk' --cache-file=/dev/null --srcdir=.
configure:2976: === configuring in tests (/Users/shi-rongliu/tool/neovim-master/.deps/build/src/gperf/tests)
configure:3039: running /bin/sh ./configure --disable-option-checking '--prefix=/Users/shi-rongliu/tool/neovim-master/.deps/usr'  'MAKE=/Library/Developer/CommandLineTools/usr/bin/make' 'CC=/Library/Developer/CommandLineTools/usr/bin/cc -isysroot/Library/Developer/CommandLineTools/SDKs/MacOSX11.1.sdk' 'CXX=/Library/Developer/CommandLineTools/usr/bin/c++ -isysroot/Library/Developer/CommandLineTools/SDKs/MacOSX11.1.sdk' 'LD=/Library/Developer/CommandLineTools/usr/bin/cc -isysroot/Library/Developer/CommandLineTools/SDKs/MacOSX11.1.sdk' --cache-file=/dev/null --srcdir=.
configure:2976: === configuring in doc (/Users/shi-rongliu/tool/neovim-master/.deps/build/src/gperf/doc)
configure:3039: running /bin/sh ./configure --disable-option-checking '--prefix=/Users/shi-rongliu/tool/neovim-master/.deps/usr'  'MAKE=/Library/Developer/CommandLineTools/usr/bin/make' 'CC=/Library/Developer/CommandLineTools/usr/bin/cc -isysroot/Library/Developer/CommandLineTools/SDKs/MacOSX11.1.sdk' 'CXX=/Library/Developer/CommandLineTools/usr/bin/c++ -isysroot/Library/Developer/CommandLineTools/SDKs/MacOSX11.1.sdk' 'LD=/Library/Developer/CommandLineTools/usr/bin/cc -isysroot/Library/Developer/CommandLineTools/SDKs/MacOSX11.1.sdk' --cache-file=/dev/null --srcdir=.

## ---------------- ##
## Cache variables. ##
## ---------------- ##

ac_cv_env_build_alias_set=
ac_cv_env_build_alias_value=
ac_cv_env_host_alias_set=
ac_cv_env_host_alias_value=
ac_cv_env_target_alias_set=
ac_cv_env_target_alias_value=
ac_cv_prog_make__Library_Developer_CommandLineTools_usr_bin_make_set=yes

## ----------------- ##
## Output variables. ##
## ----------------- ##

DEFS='-DPACKAGE_NAME=\"\" -DPACKAGE_TARNAME=\"\" -DPACKAGE_VERSION=\"\" -DPACKAGE_STRING=\"\" -DPACKAGE_BUGREPORT=\"\" -DPACKAGE_URL=\"\"'
ECHO_C='\c'
ECHO_N=''
ECHO_T=''
LIBOBJS=''
LIBS=''
LTLIBOBJS=''
PACKAGE_BUGREPORT=''
PACKAGE_NAME=''
PACKAGE_STRING=''
PACKAGE_TARNAME=''
PACKAGE_URL=''
PACKAGE_VERSION=''
PATH_SEPARATOR=':'
SET_MAKE=''
SHELL='/bin/sh'
bindir='${exec_prefix}/bin'
build_alias=''
datadir='${datarootdir}'
datarootdir='${prefix}/share'
docdir='${datarootdir}/doc/${PACKAGE}'
dvidir='${docdir}'
exec_prefix='${prefix}'
host_alias=''
htmldir='${docdir}'
includedir='${prefix}/include'
infodir='${datarootdir}/info'
libdir='${exec_prefix}/lib'
libexecdir='${exec_prefix}/libexec'
localedir='${datarootdir}/locale'
localstatedir='${prefix}/var'
mandir='${datarootdir}/man'
oldincludedir='/usr/include'
pdfdir='${docdir}'
prefix='/Users/shi-rongliu/tool/neovim-master/.deps/usr'
program_transform_name='s,x,x,'
psdir='${docdir}'
sbindir='${exec_prefix}/sbin'
sharedstatedir='${prefix}/com'
subdirs=' lib src tests doc'
sysconfdir='${prefix}/etc'
target_alias=''

## ----------- ##
## confdefs.h. ##
## ----------- ##

/* confdefs.h */
#define PACKAGE_NAME ""
#define PACKAGE_TARNAME ""
#define PACKAGE_VERSION ""
#define PACKAGE_STRING ""
#define PACKAGE_BUGREPORT ""
#define PACKAGE_URL ""

configure: exit 0
