This file contains any messages produced by compilers while
running configure, to aid debugging if configure makes a mistake.

It was created by libuv configure 1.34.2, which was
generated by GNU Autoconf 2.69.  Invocation command line was

  $ /Users/shi-rongliu/tool/neovim-master/.deps/build/src/libuv/configure --with-pic --disable-shared --prefix=/Users/shi-rongliu/tool/neovim-master/.deps/usr --libdir=/Users/shi-rongliu/tool/neovim-master/.deps/usr/lib CC=/Library/Developer/CommandLineTools/usr/bin/cc -isysroot/Library/Developer/CommandLineTools/SDKs/MacOSX11.1.sdk MAKE=/Library/Developer/CommandLineTools/usr/bin/make

## --------- ##
## Platform. ##
## --------- ##

hostname = Shi-Rongs-MacBook-Pro.local
uname -m = x86_64
uname -r = 20.3.0
uname -s = Darwin
uname -v = Darwin Kernel Version 20.3.0: Thu Jan 21 00:07:06 PST 2021; root:xnu-7195.81.3~1/RELEASE_X86_64

/usr/bin/uname -p = i386
/bin/uname -X     = unknown

/bin/arch              = unknown
/usr/bin/arch -k       = unknown
/usr/convex/getsysinfo = unknown
/usr/bin/hostinfo      = Mach kernel version:
	 Darwin Kernel Version 20.3.0: Thu Jan 21 00:07:06 PST 2021; root:xnu-7195.81.3~1/RELEASE_X86_64
Kernel configured for up to 4 processors.
2 processors are physically available.
4 processors are logically available.
Processor type: x86_64h (Intel x86-64h Haswell)
Processors active: 0 1 2 3
Primary memory available: 8.00 gigabytes
Default processor set: 531 tasks, 3420 threads, 4 processors
Load average: 3.20, Mach factor: 1.30
/bin/machine           = unknown
/usr/bin/oslevel       = unknown
/bin/universe          = unknown

PATH: /usr/local/sbin
PATH: /usr/local/sbin
PATH: /usr/local/Cellar/macvim/8.0-133/MacVim.app/Contents/bin
PATH: /Users/shi-rongliu/bin
PATH: /usr/local/bin
PATH: /usr/local/bin
PATH: /usr/bin
PATH: /bin
PATH: /usr/sbin
PATH: /sbin
PATH: /Library/TeX/texbin
PATH: /Library/Apple/usr/bin
PATH: /usr/local/sbin
PATH: /usr/local/Cellar/macvim/8.0-133/MacVim.app/Contents/bin
PATH: /Users/shi-rongliu/bin
PATH: /Users/shi-rongliu/.rvm/bin


## ----------- ##
## Core tests. ##
## ----------- ##

configure:2353: checking for a BSD-compatible install
configure:2421: result: /usr/bin/install -c
configure:2432: checking whether build environment is sane
configure:2487: result: yes
configure:2633: checking for a thread-safe mkdir -p
configure:2672: result: /Users/shi-rongliu/tool/neovim-master/.deps/build/src/libuv/install-sh -c -d
configure:2679: checking for gawk
configure:2709: result: no
configure:2679: checking for mawk
configure:2709: result: no
configure:2679: checking for nawk
configure:2709: result: no
configure:2679: checking for awk
configure:2695: found /usr/bin/awk
configure:2706: result: awk
configure:2717: checking whether /Library/Developer/CommandLineTools/usr/bin/make sets $(MAKE)
configure:2739: result: yes
configure:2768: checking whether /Library/Developer/CommandLineTools/usr/bin/make supports nested variables
configure:2785: result: yes
configure:2915: checking build system type
configure:2929: result: x86_64-apple-darwin20.3.0
configure:2949: checking host system type
configure:2962: result: x86_64-apple-darwin20.3.0
configure:3092: checking for gcc
configure:3119: result: /Library/Developer/CommandLineTools/usr/bin/cc -isysroot/Library/Developer/CommandLineTools/SDKs/MacOSX11.1.sdk
configure:3348: checking for C compiler version
configure:3357: /Library/Developer/CommandLineTools/usr/bin/cc -isysroot/Library/Developer/CommandLineTools/SDKs/MacOSX11.1.sdk --version >&5
Apple clang version 12.0.0 (clang-1200.0.32.29)
Target: x86_64-apple-darwin20.3.0
Thread model: posix
InstalledDir: /Library/Developer/CommandLineTools/usr/bin
configure:3368: $? = 0
configure:3357: /Library/Developer/CommandLineTools/usr/bin/cc -isysroot/Library/Developer/CommandLineTools/SDKs/MacOSX11.1.sdk -v >&5
Apple clang version 12.0.0 (clang-1200.0.32.29)
Target: x86_64-apple-darwin20.3.0
Thread model: posix
InstalledDir: /Library/Developer/CommandLineTools/usr/bin
clang: warning: argument unused during compilation: '-isysroot /Library/Developer/CommandLineTools/SDKs/MacOSX11.1.sdk' [-Wunused-command-line-argument]
configure:3368: $? = 0
configure:3357: /Library/Developer/CommandLineTools/usr/bin/cc -isysroot/Library/Developer/CommandLineTools/SDKs/MacOSX11.1.sdk -V >&5
clang: error: argument to '-V' is missing (expected 1 value)
clang: error: no input files
configure:3368: $? = 1
configure:3357: /Library/Developer/CommandLineTools/usr/bin/cc -isysroot/Library/Developer/CommandLineTools/SDKs/MacOSX11.1.sdk -qversion >&5
clang: error: unknown argument '-qversion'; did you mean '--version'?
clang: error: no input files
configure:3368: $? = 1
configure:3388: checking whether the C compiler works
configure:3410: /Library/Developer/CommandLineTools/usr/bin/cc -isysroot/Library/Developer/CommandLineTools/SDKs/MacOSX11.1.sdk    conftest.c  >&5
configure:3414: $? = 0
configure:3462: result: yes
configure:3465: checking for C compiler default output file name
configure:3467: result: a.out
configure:3473: checking for suffix of executables
configure:3480: /Library/Developer/CommandLineTools/usr/bin/cc -isysroot/Library/Developer/CommandLineTools/SDKs/MacOSX11.1.sdk -o conftest    conftest.c  >&5
configure:3484: $? = 0
configure:3506: result: 
configure:3528: checking whether we are cross compiling
configure:3536: /Library/Developer/CommandLineTools/usr/bin/cc -isysroot/Library/Developer/CommandLineTools/SDKs/MacOSX11.1.sdk -o conftest    conftest.c  >&5
configure:3540: $? = 0
configure:3547: ./conftest
configure:3551: $? = 0
configure:3566: result: no
configure:3571: checking for suffix of object files
configure:3593: /Library/Developer/CommandLineTools/usr/bin/cc -isysroot/Library/Developer/CommandLineTools/SDKs/MacOSX11.1.sdk -c   conftest.c >&5
configure:3597: $? = 0
configure:3618: result: o
configure:3622: checking whether we are using the GNU C compiler
configure:3641: /Library/Developer/CommandLineTools/usr/bin/cc -isysroot/Library/Developer/CommandLineTools/SDKs/MacOSX11.1.sdk -c   conftest.c >&5
configure:3641: $? = 0
configure:3650: result: yes
configure:3659: checking whether /Library/Developer/CommandLineTools/usr/bin/cc -isysroot/Library/Developer/CommandLineTools/SDKs/MacOSX11.1.sdk accepts -g
configure:3679: /Library/Developer/CommandLineTools/usr/bin/cc -isysroot/Library/Developer/CommandLineTools/SDKs/MacOSX11.1.sdk -c -g  conftest.c >&5
configure:3679: $? = 0
configure:3720: result: yes
configure:3737: checking for /Library/Developer/CommandLineTools/usr/bin/cc -isysroot/Library/Developer/CommandLineTools/SDKs/MacOSX11.1.sdk option to accept ISO C89
configure:3800: /Library/Developer/CommandLineTools/usr/bin/cc -isysroot/Library/Developer/CommandLineTools/SDKs/MacOSX11.1.sdk  -c -g -O2  conftest.c >&5
configure:3800: $? = 0
configure:3813: result: none needed
configure:3838: checking whether /Library/Developer/CommandLineTools/usr/bin/cc -isysroot/Library/Developer/CommandLineTools/SDKs/MacOSX11.1.sdk understands -c and -o together
configure:3860: /Library/Developer/CommandLineTools/usr/bin/cc -isysroot/Library/Developer/CommandLineTools/SDKs/MacOSX11.1.sdk -c conftest.c -o conftest2.o
configure:3863: $? = 0
configure:3860: /Library/Developer/CommandLineTools/usr/bin/cc -isysroot/Library/Developer/CommandLineTools/SDKs/MacOSX11.1.sdk -c conftest.c -o conftest2.o
configure:3863: $? = 0
configure:3875: result: yes
configure:3895: checking whether /Library/Developer/CommandLineTools/usr/bin/make supports the include directive
configure:3910: /Library/Developer/CommandLineTools/usr/bin/make -f confmf.GNU && cat confinc.out
this is the am__doit target
configure:3913: $? = 0
configure:3927: result: yes (GNU style)
configure:3952: checking dependency style of /Library/Developer/CommandLineTools/usr/bin/cc -isysroot/Library/Developer/CommandLineTools/SDKs/MacOSX11.1.sdk
configure:4063: result: gcc3
configure:4081: checking for /Library/Developer/CommandLineTools/usr/bin/cc -isysroot/Library/Developer/CommandLineTools/SDKs/MacOSX11.1.sdk way to treat warnings as errors
configure:4096: /Library/Developer/CommandLineTools/usr/bin/cc -isysroot/Library/Developer/CommandLineTools/SDKs/MacOSX11.1.sdk -c -g -O2 -Werror  conftest.c >&5
configure:4096: $? = 0
configure:4139: result: -Werror
configure:4144: checking if /Library/Developer/CommandLineTools/usr/bin/cc -isysroot/Library/Developer/CommandLineTools/SDKs/MacOSX11.1.sdk supports -fvisibility=hidden
configure:4161: /Library/Developer/CommandLineTools/usr/bin/cc -isysroot/Library/Developer/CommandLineTools/SDKs/MacOSX11.1.sdk -c -g -O2 -Werror -fvisibility=hidden  conftest.c >&5
configure:4161: $? = 0
configure:4180: result: yes
configure:4193: checking if /Library/Developer/CommandLineTools/usr/bin/cc -isysroot/Library/Developer/CommandLineTools/SDKs/MacOSX11.1.sdk supports -g flag
configure:4208: /Library/Developer/CommandLineTools/usr/bin/cc -isysroot/Library/Developer/CommandLineTools/SDKs/MacOSX11.1.sdk -c -g -O2 -g  conftest.c >&5
configure:4208: $? = 0
configure:4225: result: yes
configure:4237: checking if /Library/Developer/CommandLineTools/usr/bin/cc -isysroot/Library/Developer/CommandLineTools/SDKs/MacOSX11.1.sdk supports -std=gnu89 flag
configure:4252: /Library/Developer/CommandLineTools/usr/bin/cc -isysroot/Library/Developer/CommandLineTools/SDKs/MacOSX11.1.sdk -c -g -O2 -g -std=gnu89  conftest.c >&5
configure:4252: $? = 0
configure:4269: result: yes
configure:4281: checking if /Library/Developer/CommandLineTools/usr/bin/cc -isysroot/Library/Developer/CommandLineTools/SDKs/MacOSX11.1.sdk supports -Wall flag
configure:4296: /Library/Developer/CommandLineTools/usr/bin/cc -isysroot/Library/Developer/CommandLineTools/SDKs/MacOSX11.1.sdk -c -g -O2 -g -std=gnu89 -Wall  conftest.c >&5
configure:4296: $? = 0
configure:4313: result: yes
configure:4325: checking if /Library/Developer/CommandLineTools/usr/bin/cc -isysroot/Library/Developer/CommandLineTools/SDKs/MacOSX11.1.sdk supports -Wextra flag
configure:4340: /Library/Developer/CommandLineTools/usr/bin/cc -isysroot/Library/Developer/CommandLineTools/SDKs/MacOSX11.1.sdk -c -g -O2 -g -std=gnu89 -Wall -Wextra  conftest.c >&5
configure:4340: $? = 0
configure:4357: result: yes
configure:4369: checking if /Library/Developer/CommandLineTools/usr/bin/cc -isysroot/Library/Developer/CommandLineTools/SDKs/MacOSX11.1.sdk supports -Wno-long-long flag
configure:4384: /Library/Developer/CommandLineTools/usr/bin/cc -isysroot/Library/Developer/CommandLineTools/SDKs/MacOSX11.1.sdk -c -g -O2 -g -std=gnu89 -Wall -Wextra -Wno-long-long  conftest.c >&5
configure:4384: $? = 0
configure:4401: result: yes
configure:4413: checking if /Library/Developer/CommandLineTools/usr/bin/cc -isysroot/Library/Developer/CommandLineTools/SDKs/MacOSX11.1.sdk supports -Wno-unused-parameter flag
configure:4428: /Library/Developer/CommandLineTools/usr/bin/cc -isysroot/Library/Developer/CommandLineTools/SDKs/MacOSX11.1.sdk -c -g -O2 -g -std=gnu89 -Wall -Wextra -Wno-long-long -Wno-unused-parameter  conftest.c >&5
configure:4428: $? = 0
configure:4445: result: yes
configure:4457: checking if /Library/Developer/CommandLineTools/usr/bin/cc -isysroot/Library/Developer/CommandLineTools/SDKs/MacOSX11.1.sdk supports -Wstrict-prototypes flag
configure:4472: /Library/Developer/CommandLineTools/usr/bin/cc -isysroot/Library/Developer/CommandLineTools/SDKs/MacOSX11.1.sdk -c -g -O2 -g -std=gnu89 -Wall -Wextra -Wno-long-long -Wno-unused-parameter -Wstrict-prototypes  conftest.c >&5
configure:4472: $? = 0
configure:4489: result: yes
configure:4548: checking for ar
configure:4564: found /usr/bin/ar
configure:4575: result: ar
configure:4601: checking the archiver (ar) interface
configure:4617: /Library/Developer/CommandLineTools/usr/bin/cc -isysroot/Library/Developer/CommandLineTools/SDKs/MacOSX11.1.sdk -c -g -O2 -g -std=gnu89 -Wall -Wextra -Wno-long-long -Wno-unused-parameter -Wstrict-prototypes  conftest.c >&5
configure:4617: $? = 0
configure:4619: ar cru libconftest.a conftest.o >&5
configure:4622: $? = 0
configure:4650: result: ar
configure:4717: checking how to print strings
configure:4744: result: printf
configure:4765: checking for a sed that does not truncate output
configure:4829: result: /usr/local/bin/gsed
configure:4847: checking for grep that handles long lines and -e
configure:4905: result: /usr/bin/grep
configure:4910: checking for egrep
configure:4972: result: /usr/bin/grep -E
configure:4977: checking for fgrep
configure:5039: result: /usr/bin/grep -F
configure:5074: checking for ld used by /Library/Developer/CommandLineTools/usr/bin/cc -isysroot/Library/Developer/CommandLineTools/SDKs/MacOSX11.1.sdk
configure:5141: result: /Library/Developer/CommandLineTools/usr/bin/ld
configure:5148: checking if the linker (/Library/Developer/CommandLineTools/usr/bin/ld) is GNU ld
configure:5163: result: no
configure:5175: checking for BSD- or MS-compatible name lister (nm)
configure:5229: result: /usr/bin/nm -B
configure:5359: checking the name lister (/usr/bin/nm -B) interface
configure:5366: /Library/Developer/CommandLineTools/usr/bin/cc -isysroot/Library/Developer/CommandLineTools/SDKs/MacOSX11.1.sdk -c -g -O2 -g -std=gnu89 -Wall -Wextra -Wno-long-long -Wno-unused-parameter -Wstrict-prototypes  conftest.c >&5
configure:5369: /usr/bin/nm -B "conftest.o"
configure:5372: output
0000000000000248 S _some_variable
configure:5379: result: BSD nm
configure:5382: checking whether ln -s works
configure:5386: result: yes
configure:5394: checking the maximum length of command line arguments
configure:5525: result: 786432
configure:5573: checking how to convert x86_64-apple-darwin20.3.0 file names to x86_64-apple-darwin20.3.0 format
configure:5613: result: func_convert_file_noop
configure:5620: checking how to convert x86_64-apple-darwin20.3.0 file names to toolchain format
configure:5640: result: func_convert_file_noop
configure:5647: checking for /Library/Developer/CommandLineTools/usr/bin/ld option to reload object files
configure:5654: result: -r
configure:5728: checking for objdump
configure:5744: found /usr/bin/objdump
configure:5755: result: objdump
configure:5787: checking how to recognize dependent libraries
configure:5987: result: pass_all
configure:6072: checking for dlltool
configure:6102: result: no
configure:6132: checking how to associate runtime and link libraries
configure:6159: result: printf %s\n
configure:6283: checking for archiver @FILE support
configure:6300: /Library/Developer/CommandLineTools/usr/bin/cc -isysroot/Library/Developer/CommandLineTools/SDKs/MacOSX11.1.sdk -c -g -O2 -g -std=gnu89 -Wall -Wextra -Wno-long-long -Wno-unused-parameter -Wstrict-prototypes  conftest.c >&5
configure:6300: $? = 0
configure:6303: ar cru libconftest.a @conftest.lst >&5
ar: @conftest.lst: No such file or directory
configure:6306: $? = 1
configure:6326: result: no
configure:6384: checking for strip
configure:6400: found /usr/bin/strip
configure:6411: result: strip
configure:6483: checking for ranlib
configure:6499: found /usr/bin/ranlib
configure:6510: result: ranlib
configure:6612: checking command to parse /usr/bin/nm -B output from /Library/Developer/CommandLineTools/usr/bin/cc -isysroot/Library/Developer/CommandLineTools/SDKs/MacOSX11.1.sdk object
configure:6765: /Library/Developer/CommandLineTools/usr/bin/cc -isysroot/Library/Developer/CommandLineTools/SDKs/MacOSX11.1.sdk -c -g -O2 -g -std=gnu89 -Wall -Wextra -Wno-long-long -Wno-unused-parameter -Wstrict-prototypes  conftest.c >&5
configure:6768: $? = 0
configure:6772: /usr/bin/nm -B conftest.o \| sed -n -e 's/^.*[ ]\([BCDEGRST][BCDEGRST]*\)[ ][ ]*\([_A-Za-z][_A-Za-z0-9]*\)$/\1 \2 \2/p' | sed '/ __gnu_lto/d' \> conftest.nm
configure:6775: $? = 0
cannot find nm_test_var in conftest.nm
configure:6765: /Library/Developer/CommandLineTools/usr/bin/cc -isysroot/Library/Developer/CommandLineTools/SDKs/MacOSX11.1.sdk -c -g -O2 -g -std=gnu89 -Wall -Wextra -Wno-long-long -Wno-unused-parameter -Wstrict-prototypes  conftest.c >&5
configure:6768: $? = 0
configure:6772: /usr/bin/nm -B conftest.o \| sed -n -e 's/^.*[ ]\([BCDEGRST][BCDEGRST]*\)[ ][ ]*_\([_A-Za-z][_A-Za-z0-9]*\)$/\1 _\2 \2/p' | sed '/ __gnu_lto/d' \> conftest.nm
configure:6775: $? = 0
configure:6841: /Library/Developer/CommandLineTools/usr/bin/cc -isysroot/Library/Developer/CommandLineTools/SDKs/MacOSX11.1.sdk -o conftest -g -O2 -g -std=gnu89 -Wall -Wextra -Wno-long-long -Wno-unused-parameter -Wstrict-prototypes   conftest.c conftstm.o >&5
conftest.c:18:24: warning: this function declaration is not a prototype [-Wstrict-prototypes]
extern int nm_test_func();
                       ^
                        void
1 warning generated.
warning: (x86_64)  could not find object file symbol for symbol _main
configure:6844: $? = 0
configure:6882: result: ok
configure:6929: checking for sysroot
configure:6959: result: no
configure:6966: checking for a working dd
configure:7004: result: /bin/dd
configure:7008: checking how to truncate binary pipes
configure:7023: result: /bin/dd bs=4096 count=1
configure:7352: checking for mt
configure:7382: result: no
configure:7402: checking if : is a manifest tool
configure:7408: : '-?'
configure:7416: result: no
configure:7472: checking for dsymutil
configure:7488: found /usr/bin/dsymutil
configure:7499: result: dsymutil
configure:7564: checking for nmedit
configure:7580: found /usr/bin/nmedit
configure:7591: result: nmedit
configure:7656: checking for lipo
configure:7672: found /usr/bin/lipo
configure:7683: result: lipo
configure:7748: checking for otool
configure:7764: found /usr/bin/otool
configure:7775: result: otool
configure:7840: checking for otool64
configure:7870: result: no
configure:7915: checking for -single_module linker flag
/Library/Developer/CommandLineTools/usr/bin/cc -isysroot/Library/Developer/CommandLineTools/SDKs/MacOSX11.1.sdk -g -O2 -g -std=gnu89 -Wall -Wextra -Wno-long-long -Wno-unused-parameter -Wstrict-prototypes  -o libconftest.dylib -dynamiclib -Wl,-single_module conftest.c
configure:7948: result: yes
configure:7951: checking for -exported_symbols_list linker flag
configure:7971: /Library/Developer/CommandLineTools/usr/bin/cc -isysroot/Library/Developer/CommandLineTools/SDKs/MacOSX11.1.sdk -o conftest -g -O2 -g -std=gnu89 -Wall -Wextra -Wno-long-long -Wno-unused-parameter -Wstrict-prototypes   -Wl,-exported_symbols_list,conftest.sym conftest.c  >&5
configure:7971: $? = 0
configure:7981: result: yes
configure:7984: checking for -force_load linker flag
/Library/Developer/CommandLineTools/usr/bin/cc -isysroot/Library/Developer/CommandLineTools/SDKs/MacOSX11.1.sdk -g -O2 -g -std=gnu89 -Wall -Wextra -Wno-long-long -Wno-unused-parameter -Wstrict-prototypes -c -o conftest.o conftest.c
ar cru libconftest.a conftest.o
ranlib libconftest.a
/Library/Developer/CommandLineTools/usr/bin/cc -isysroot/Library/Developer/CommandLineTools/SDKs/MacOSX11.1.sdk -g -O2 -g -std=gnu89 -Wall -Wextra -Wno-long-long -Wno-unused-parameter -Wstrict-prototypes  -o conftest conftest.c -Wl,-force_load,./libconftest.a
configure:8016: result: yes
configure:8088: checking how to run the C preprocessor
configure:8119: /Library/Developer/CommandLineTools/usr/bin/cc -isysroot/Library/Developer/CommandLineTools/SDKs/MacOSX11.1.sdk -E  conftest.c
configure:8119: $? = 0
configure:8133: /Library/Developer/CommandLineTools/usr/bin/cc -isysroot/Library/Developer/CommandLineTools/SDKs/MacOSX11.1.sdk -E  conftest.c
conftest.c:12:10: fatal error: 'ac_nonexistent.h' file not found
#include <ac_nonexistent.h>
         ^~~~~~~~~~~~~~~~~~
1 error generated.
configure:8133: $? = 1
configure: failed program was:
| /* confdefs.h */
| #define PACKAGE_NAME "libuv"
| #define PACKAGE_TARNAME "libuv"
| #define PACKAGE_VERSION "1.34.2"
| #define PACKAGE_STRING "libuv 1.34.2"
| #define PACKAGE_BUGREPORT "https://github.com/libuv/libuv/issues"
| #define PACKAGE_URL ""
| #define PACKAGE "libuv"
| #define VERSION "1.34.2"
| #define SUPPORT_FLAG_VISIBILITY 1
| /* end confdefs.h.  */
| #include <ac_nonexistent.h>
configure:8158: result: /Library/Developer/CommandLineTools/usr/bin/cc -isysroot/Library/Developer/CommandLineTools/SDKs/MacOSX11.1.sdk -E
configure:8178: /Library/Developer/CommandLineTools/usr/bin/cc -isysroot/Library/Developer/CommandLineTools/SDKs/MacOSX11.1.sdk -E  conftest.c
configure:8178: $? = 0
configure:8192: /Library/Developer/CommandLineTools/usr/bin/cc -isysroot/Library/Developer/CommandLineTools/SDKs/MacOSX11.1.sdk -E  conftest.c
conftest.c:12:10: fatal error: 'ac_nonexistent.h' file not found
#include <ac_nonexistent.h>
         ^~~~~~~~~~~~~~~~~~
1 error generated.
configure:8192: $? = 1
configure: failed program was:
| /* confdefs.h */
| #define PACKAGE_NAME "libuv"
| #define PACKAGE_TARNAME "libuv"
| #define PACKAGE_VERSION "1.34.2"
| #define PACKAGE_STRING "libuv 1.34.2"
| #define PACKAGE_BUGREPORT "https://github.com/libuv/libuv/issues"
| #define PACKAGE_URL ""
| #define PACKAGE "libuv"
| #define VERSION "1.34.2"
| #define SUPPORT_FLAG_VISIBILITY 1
| /* end confdefs.h.  */
| #include <ac_nonexistent.h>
configure:8221: checking for ANSI C header files
configure:8241: /Library/Developer/CommandLineTools/usr/bin/cc -isysroot/Library/Developer/CommandLineTools/SDKs/MacOSX11.1.sdk -c -g -O2 -g -std=gnu89 -Wall -Wextra -Wno-long-long -Wno-unused-parameter -Wstrict-prototypes  conftest.c >&5
configure:8241: $? = 0
configure:8314: /Library/Developer/CommandLineTools/usr/bin/cc -isysroot/Library/Developer/CommandLineTools/SDKs/MacOSX11.1.sdk -o conftest -g -O2 -g -std=gnu89 -Wall -Wextra -Wno-long-long -Wno-unused-parameter -Wstrict-prototypes   conftest.c  >&5
configure:8314: $? = 0
configure:8314: ./conftest
configure:8314: $? = 0
configure:8325: result: yes
configure:8338: checking for sys/types.h
configure:8338: /Library/Developer/CommandLineTools/usr/bin/cc -isysroot/Library/Developer/CommandLineTools/SDKs/MacOSX11.1.sdk -c -g -O2 -g -std=gnu89 -Wall -Wextra -Wno-long-long -Wno-unused-parameter -Wstrict-prototypes  conftest.c >&5
configure:8338: $? = 0
configure:8338: result: yes
configure:8338: checking for sys/stat.h
configure:8338: /Library/Developer/CommandLineTools/usr/bin/cc -isysroot/Library/Developer/CommandLineTools/SDKs/MacOSX11.1.sdk -c -g -O2 -g -std=gnu89 -Wall -Wextra -Wno-long-long -Wno-unused-parameter -Wstrict-prototypes  conftest.c >&5
configure:8338: $? = 0
configure:8338: result: yes
configure:8338: checking for stdlib.h
configure:8338: /Library/Developer/CommandLineTools/usr/bin/cc -isysroot/Library/Developer/CommandLineTools/SDKs/MacOSX11.1.sdk -c -g -O2 -g -std=gnu89 -Wall -Wextra -Wno-long-long -Wno-unused-parameter -Wstrict-prototypes  conftest.c >&5
configure:8338: $? = 0
configure:8338: result: yes
configure:8338: checking for string.h
configure:8338: /Library/Developer/CommandLineTools/usr/bin/cc -isysroot/Library/Developer/CommandLineTools/SDKs/MacOSX11.1.sdk -c -g -O2 -g -std=gnu89 -Wall -Wextra -Wno-long-long -Wno-unused-parameter -Wstrict-prototypes  conftest.c >&5
configure:8338: $? = 0
configure:8338: result: yes
configure:8338: checking for memory.h
configure:8338: /Library/Developer/CommandLineTools/usr/bin/cc -isysroot/Library/Developer/CommandLineTools/SDKs/MacOSX11.1.sdk -c -g -O2 -g -std=gnu89 -Wall -Wextra -Wno-long-long -Wno-unused-parameter -Wstrict-prototypes  conftest.c >&5
configure:8338: $? = 0
configure:8338: result: yes
configure:8338: checking for strings.h
configure:8338: /Library/Developer/CommandLineTools/usr/bin/cc -isysroot/Library/Developer/CommandLineTools/SDKs/MacOSX11.1.sdk -c -g -O2 -g -std=gnu89 -Wall -Wextra -Wno-long-long -Wno-unused-parameter -Wstrict-prototypes  conftest.c >&5
configure:8338: $? = 0
configure:8338: result: yes
configure:8338: checking for inttypes.h
configure:8338: /Library/Developer/CommandLineTools/usr/bin/cc -isysroot/Library/Developer/CommandLineTools/SDKs/MacOSX11.1.sdk -c -g -O2 -g -std=gnu89 -Wall -Wextra -Wno-long-long -Wno-unused-parameter -Wstrict-prototypes  conftest.c >&5
configure:8338: $? = 0
configure:8338: result: yes
configure:8338: checking for stdint.h
configure:8338: /Library/Developer/CommandLineTools/usr/bin/cc -isysroot/Library/Developer/CommandLineTools/SDKs/MacOSX11.1.sdk -c -g -O2 -g -std=gnu89 -Wall -Wextra -Wno-long-long -Wno-unused-parameter -Wstrict-prototypes  conftest.c >&5
configure:8338: $? = 0
configure:8338: result: yes
configure:8338: checking for unistd.h
configure:8338: /Library/Developer/CommandLineTools/usr/bin/cc -isysroot/Library/Developer/CommandLineTools/SDKs/MacOSX11.1.sdk -c -g -O2 -g -std=gnu89 -Wall -Wextra -Wno-long-long -Wno-unused-parameter -Wstrict-prototypes  conftest.c >&5
configure:8338: $? = 0
configure:8338: result: yes
configure:8352: checking for dlfcn.h
configure:8352: /Library/Developer/CommandLineTools/usr/bin/cc -isysroot/Library/Developer/CommandLineTools/SDKs/MacOSX11.1.sdk -c -g -O2 -g -std=gnu89 -Wall -Wextra -Wno-long-long -Wno-unused-parameter -Wstrict-prototypes  conftest.c >&5
configure:8352: $? = 0
configure:8352: result: yes
configure:8548: checking for objdir
configure:8563: result: .libs
configure:8827: checking if /Library/Developer/CommandLineTools/usr/bin/cc -isysroot/Library/Developer/CommandLineTools/SDKs/MacOSX11.1.sdk supports -fno-rtti -fno-exceptions
configure:8845: /Library/Developer/CommandLineTools/usr/bin/cc -isysroot/Library/Developer/CommandLineTools/SDKs/MacOSX11.1.sdk -c -g -O2 -g -std=gnu89 -Wall -Wextra -Wno-long-long -Wno-unused-parameter -Wstrict-prototypes  -fno-rtti -fno-exceptions conftest.c >&5
configure:8849: $? = 0
configure:8862: result: yes
configure:9220: checking for /Library/Developer/CommandLineTools/usr/bin/cc -isysroot/Library/Developer/CommandLineTools/SDKs/MacOSX11.1.sdk option to produce PIC
configure:9227: result: -fno-common -DPIC
configure:9235: checking if /Library/Developer/CommandLineTools/usr/bin/cc -isysroot/Library/Developer/CommandLineTools/SDKs/MacOSX11.1.sdk PIC flag -fno-common -DPIC works
configure:9253: /Library/Developer/CommandLineTools/usr/bin/cc -isysroot/Library/Developer/CommandLineTools/SDKs/MacOSX11.1.sdk -c -g -O2 -g -std=gnu89 -Wall -Wextra -Wno-long-long -Wno-unused-parameter -Wstrict-prototypes  -fno-common -DPIC -DPIC conftest.c >&5
configure:9257: $? = 0
configure:9270: result: yes
configure:9299: checking if /Library/Developer/CommandLineTools/usr/bin/cc -isysroot/Library/Developer/CommandLineTools/SDKs/MacOSX11.1.sdk static flag -static works
configure:9327: result: no
configure:9342: checking if /Library/Developer/CommandLineTools/usr/bin/cc -isysroot/Library/Developer/CommandLineTools/SDKs/MacOSX11.1.sdk supports -c -o file.o
configure:9363: /Library/Developer/CommandLineTools/usr/bin/cc -isysroot/Library/Developer/CommandLineTools/SDKs/MacOSX11.1.sdk -c -g -O2 -g -std=gnu89 -Wall -Wextra -Wno-long-long -Wno-unused-parameter -Wstrict-prototypes  -o out/conftest2.o conftest.c >&5
configure:9367: $? = 0
configure:9389: result: yes
configure:9397: checking if /Library/Developer/CommandLineTools/usr/bin/cc -isysroot/Library/Developer/CommandLineTools/SDKs/MacOSX11.1.sdk supports -c -o file.o
configure:9444: result: yes
configure:9477: checking whether the /Library/Developer/CommandLineTools/usr/bin/cc -isysroot/Library/Developer/CommandLineTools/SDKs/MacOSX11.1.sdk linker (/Library/Developer/CommandLineTools/usr/bin/ld) supports shared libraries
configure:10736: result: yes
configure:10976: checking dynamic linker characteristics
configure:11794: result: darwin20.3.0 dyld
configure:11916: checking how to hardcode library paths into programs
configure:11941: result: immediate
configure:12489: checking whether stripping libraries is possible
configure:12503: result: yes
configure:12529: checking if libtool supports shared libraries
configure:12531: result: yes
configure:12534: checking whether to build shared libraries
configure:12559: result: no
configure:12562: checking whether to build static libraries
configure:12566: result: yes
configure:12614: checking whether /Library/Developer/CommandLineTools/usr/bin/make supports nested variables
configure:12631: result: yes
configure:12644: checking for dlopen in -ldl
configure:12669: /Library/Developer/CommandLineTools/usr/bin/cc -isysroot/Library/Developer/CommandLineTools/SDKs/MacOSX11.1.sdk -o conftest -g -O2 -g -std=gnu89 -Wall -Wextra -Wno-long-long -Wno-unused-parameter -Wstrict-prototypes   conftest.c -ldl   >&5
conftest.c:31:13: warning: this function declaration is not a prototype [-Wstrict-prototypes]
char dlopen ();
            ^
             void
1 warning generated.
configure:12669: $? = 0
configure:12678: result: yes
configure:12689: checking for kstat_lookup in -lkstat
configure:12714: /Library/Developer/CommandLineTools/usr/bin/cc -isysroot/Library/Developer/CommandLineTools/SDKs/MacOSX11.1.sdk -o conftest -g -O2 -g -std=gnu89 -Wall -Wextra -Wno-long-long -Wno-unused-parameter -Wstrict-prototypes   conftest.c -lkstat  -ldl  >&5
conftest.c:32:19: warning: this function declaration is not a prototype [-Wstrict-prototypes]
char kstat_lookup ();
                  ^
                   void
1 warning generated.
ld: library not found for -lkstat
clang: error: linker command failed with exit code 1 (use -v to see invocation)
configure:12714: $? = 1
configure: failed program was:
| /* confdefs.h */
| #define PACKAGE_NAME "libuv"
| #define PACKAGE_TARNAME "libuv"
| #define PACKAGE_VERSION "1.34.2"
| #define PACKAGE_STRING "libuv 1.34.2"
| #define PACKAGE_BUGREPORT "https://github.com/libuv/libuv/issues"
| #define PACKAGE_URL ""
| #define PACKAGE "libuv"
| #define VERSION "1.34.2"
| #define SUPPORT_FLAG_VISIBILITY 1
| #define STDC_HEADERS 1
| #define HAVE_SYS_TYPES_H 1
| #define HAVE_SYS_STAT_H 1
| #define HAVE_STDLIB_H 1
| #define HAVE_STRING_H 1
| #define HAVE_MEMORY_H 1
| #define HAVE_STRINGS_H 1
| #define HAVE_INTTYPES_H 1
| #define HAVE_STDINT_H 1
| #define HAVE_UNISTD_H 1
| #define HAVE_DLFCN_H 1
| #define LT_OBJDIR ".libs/"
| #define HAVE_LIBDL 1
| /* end confdefs.h.  */
| 
| /* Override any GCC internal prototype to avoid an error.
|    Use char because int might match the return type of a GCC
|    builtin and then its argument prototype would still apply.  */
| #ifdef __cplusplus
| extern "C"
| #endif
| char kstat_lookup ();
| int
| main ()
| {
| return kstat_lookup ();
|   ;
|   return 0;
| }
configure:12723: result: no
configure:12734: checking for gethostbyname in -lnsl
configure:12759: /Library/Developer/CommandLineTools/usr/bin/cc -isysroot/Library/Developer/CommandLineTools/SDKs/MacOSX11.1.sdk -o conftest -g -O2 -g -std=gnu89 -Wall -Wextra -Wno-long-long -Wno-unused-parameter -Wstrict-prototypes   conftest.c -lnsl  -ldl  >&5
conftest.c:32:20: warning: this function declaration is not a prototype [-Wstrict-prototypes]
char gethostbyname ();
                   ^
                    void
1 warning generated.
ld: library not found for -lnsl
clang: error: linker command failed with exit code 1 (use -v to see invocation)
configure:12759: $? = 1
configure: failed program was:
| /* confdefs.h */
| #define PACKAGE_NAME "libuv"
| #define PACKAGE_TARNAME "libuv"
| #define PACKAGE_VERSION "1.34.2"
| #define PACKAGE_STRING "libuv 1.34.2"
| #define PACKAGE_BUGREPORT "https://github.com/libuv/libuv/issues"
| #define PACKAGE_URL ""
| #define PACKAGE "libuv"
| #define VERSION "1.34.2"
| #define SUPPORT_FLAG_VISIBILITY 1
| #define STDC_HEADERS 1
| #define HAVE_SYS_TYPES_H 1
| #define HAVE_SYS_STAT_H 1
| #define HAVE_STDLIB_H 1
| #define HAVE_STRING_H 1
| #define HAVE_MEMORY_H 1
| #define HAVE_STRINGS_H 1
| #define HAVE_INTTYPES_H 1
| #define HAVE_STDINT_H 1
| #define HAVE_UNISTD_H 1
| #define HAVE_DLFCN_H 1
| #define LT_OBJDIR ".libs/"
| #define HAVE_LIBDL 1
| /* end confdefs.h.  */
| 
| /* Override any GCC internal prototype to avoid an error.
|    Use char because int might match the return type of a GCC
|    builtin and then its argument prototype would still apply.  */
| #ifdef __cplusplus
| extern "C"
| #endif
| char gethostbyname ();
| int
| main ()
| {
| return gethostbyname ();
|   ;
|   return 0;
| }
configure:12768: result: no
configure:12779: checking for perfstat_cpu in -lperfstat
configure:12804: /Library/Developer/CommandLineTools/usr/bin/cc -isysroot/Library/Developer/CommandLineTools/SDKs/MacOSX11.1.sdk -o conftest -g -O2 -g -std=gnu89 -Wall -Wextra -Wno-long-long -Wno-unused-parameter -Wstrict-prototypes   conftest.c -lperfstat  -ldl  >&5
conftest.c:32:19: warning: this function declaration is not a prototype [-Wstrict-prototypes]
char perfstat_cpu ();
                  ^
                   void
1 warning generated.
ld: library not found for -lperfstat
clang: error: linker command failed with exit code 1 (use -v to see invocation)
configure:12804: $? = 1
configure: failed program was:
| /* confdefs.h */
| #define PACKAGE_NAME "libuv"
| #define PACKAGE_TARNAME "libuv"
| #define PACKAGE_VERSION "1.34.2"
| #define PACKAGE_STRING "libuv 1.34.2"
| #define PACKAGE_BUGREPORT "https://github.com/libuv/libuv/issues"
| #define PACKAGE_URL ""
| #define PACKAGE "libuv"
| #define VERSION "1.34.2"
| #define SUPPORT_FLAG_VISIBILITY 1
| #define STDC_HEADERS 1
| #define HAVE_SYS_TYPES_H 1
| #define HAVE_SYS_STAT_H 1
| #define HAVE_STDLIB_H 1
| #define HAVE_STRING_H 1
| #define HAVE_MEMORY_H 1
| #define HAVE_STRINGS_H 1
| #define HAVE_INTTYPES_H 1
| #define HAVE_STDINT_H 1
| #define HAVE_UNISTD_H 1
| #define HAVE_DLFCN_H 1
| #define LT_OBJDIR ".libs/"
| #define HAVE_LIBDL 1
| /* end confdefs.h.  */
| 
| /* Override any GCC internal prototype to avoid an error.
|    Use char because int might match the return type of a GCC
|    builtin and then its argument prototype would still apply.  */
| #ifdef __cplusplus
| extern "C"
| #endif
| char perfstat_cpu ();
| int
| main ()
| {
| return perfstat_cpu ();
|   ;
|   return 0;
| }
configure:12813: result: no
configure:12824: checking for pthread_mutex_init in -lpthread
configure:12849: /Library/Developer/CommandLineTools/usr/bin/cc -isysroot/Library/Developer/CommandLineTools/SDKs/MacOSX11.1.sdk -o conftest -g -O2 -g -std=gnu89 -Wall -Wextra -Wno-long-long -Wno-unused-parameter -Wstrict-prototypes   conftest.c -lpthread  -ldl  >&5
conftest.c:32:25: warning: this function declaration is not a prototype [-Wstrict-prototypes]
char pthread_mutex_init ();
                        ^
                         void
1 warning generated.
configure:12849: $? = 0
configure:12858: result: yes
configure:12869: checking for clock_gettime in -lrt
configure:12894: /Library/Developer/CommandLineTools/usr/bin/cc -isysroot/Library/Developer/CommandLineTools/SDKs/MacOSX11.1.sdk -o conftest -g -O2 -g -std=gnu89 -Wall -Wextra -Wno-long-long -Wno-unused-parameter -Wstrict-prototypes   conftest.c -lrt  -lpthread -ldl  >&5
conftest.c:33:20: warning: this function declaration is not a prototype [-Wstrict-prototypes]
char clock_gettime ();
                   ^
                    void
1 warning generated.
ld: library not found for -lrt
clang: error: linker command failed with exit code 1 (use -v to see invocation)
configure:12894: $? = 1
configure: failed program was:
| /* confdefs.h */
| #define PACKAGE_NAME "libuv"
| #define PACKAGE_TARNAME "libuv"
| #define PACKAGE_VERSION "1.34.2"
| #define PACKAGE_STRING "libuv 1.34.2"
| #define PACKAGE_BUGREPORT "https://github.com/libuv/libuv/issues"
| #define PACKAGE_URL ""
| #define PACKAGE "libuv"
| #define VERSION "1.34.2"
| #define SUPPORT_FLAG_VISIBILITY 1
| #define STDC_HEADERS 1
| #define HAVE_SYS_TYPES_H 1
| #define HAVE_SYS_STAT_H 1
| #define HAVE_STDLIB_H 1
| #define HAVE_STRING_H 1
| #define HAVE_MEMORY_H 1
| #define HAVE_STRINGS_H 1
| #define HAVE_INTTYPES_H 1
| #define HAVE_STDINT_H 1
| #define HAVE_UNISTD_H 1
| #define HAVE_DLFCN_H 1
| #define LT_OBJDIR ".libs/"
| #define HAVE_LIBDL 1
| #define HAVE_LIBPTHREAD 1
| /* end confdefs.h.  */
| 
| /* Override any GCC internal prototype to avoid an error.
|    Use char because int might match the return type of a GCC
|    builtin and then its argument prototype would still apply.  */
| #ifdef __cplusplus
| extern "C"
| #endif
| char clock_gettime ();
| int
| main ()
| {
| return clock_gettime ();
|   ;
|   return 0;
| }
configure:12903: result: no
configure:12914: checking for sendfile in -lsendfile
configure:12939: /Library/Developer/CommandLineTools/usr/bin/cc -isysroot/Library/Developer/CommandLineTools/SDKs/MacOSX11.1.sdk -o conftest -g -O2 -g -std=gnu89 -Wall -Wextra -Wno-long-long -Wno-unused-parameter -Wstrict-prototypes   conftest.c -lsendfile  -lpthread -ldl  >&5
conftest.c:33:15: warning: this function declaration is not a prototype [-Wstrict-prototypes]
char sendfile ();
              ^
               void
1 warning generated.
ld: library not found for -lsendfile
clang: error: linker command failed with exit code 1 (use -v to see invocation)
configure:12939: $? = 1
configure: failed program was:
| /* confdefs.h */
| #define PACKAGE_NAME "libuv"
| #define PACKAGE_TARNAME "libuv"
| #define PACKAGE_VERSION "1.34.2"
| #define PACKAGE_STRING "libuv 1.34.2"
| #define PACKAGE_BUGREPORT "https://github.com/libuv/libuv/issues"
| #define PACKAGE_URL ""
| #define PACKAGE "libuv"
| #define VERSION "1.34.2"
| #define SUPPORT_FLAG_VISIBILITY 1
| #define STDC_HEADERS 1
| #define HAVE_SYS_TYPES_H 1
| #define HAVE_SYS_STAT_H 1
| #define HAVE_STDLIB_H 1
| #define HAVE_STRING_H 1
| #define HAVE_MEMORY_H 1
| #define HAVE_STRINGS_H 1
| #define HAVE_INTTYPES_H 1
| #define HAVE_STDINT_H 1
| #define HAVE_UNISTD_H 1
| #define HAVE_DLFCN_H 1
| #define LT_OBJDIR ".libs/"
| #define HAVE_LIBDL 1
| #define HAVE_LIBPTHREAD 1
| /* end confdefs.h.  */
| 
| /* Override any GCC internal prototype to avoid an error.
|    Use char because int might match the return type of a GCC
|    builtin and then its argument prototype would still apply.  */
| #ifdef __cplusplus
| extern "C"
| #endif
| char sendfile ();
| int
| main ()
| {
| return sendfile ();
|   ;
|   return 0;
| }
configure:12948: result: no
configure:12959: checking for socket in -lsocket
configure:12984: /Library/Developer/CommandLineTools/usr/bin/cc -isysroot/Library/Developer/CommandLineTools/SDKs/MacOSX11.1.sdk -o conftest -g -O2 -g -std=gnu89 -Wall -Wextra -Wno-long-long -Wno-unused-parameter -Wstrict-prototypes   conftest.c -lsocket  -lpthread -ldl  >&5
conftest.c:33:13: warning: this function declaration is not a prototype [-Wstrict-prototypes]
char socket ();
            ^
             void
1 warning generated.
ld: library not found for -lsocket
clang: error: linker command failed with exit code 1 (use -v to see invocation)
configure:12984: $? = 1
configure: failed program was:
| /* confdefs.h */
| #define PACKAGE_NAME "libuv"
| #define PACKAGE_TARNAME "libuv"
| #define PACKAGE_VERSION "1.34.2"
| #define PACKAGE_STRING "libuv 1.34.2"
| #define PACKAGE_BUGREPORT "https://github.com/libuv/libuv/issues"
| #define PACKAGE_URL ""
| #define PACKAGE "libuv"
| #define VERSION "1.34.2"
| #define SUPPORT_FLAG_VISIBILITY 1
| #define STDC_HEADERS 1
| #define HAVE_SYS_TYPES_H 1
| #define HAVE_SYS_STAT_H 1
| #define HAVE_STDLIB_H 1
| #define HAVE_STRING_H 1
| #define HAVE_MEMORY_H 1
| #define HAVE_STRINGS_H 1
| #define HAVE_INTTYPES_H 1
| #define HAVE_STDINT_H 1
| #define HAVE_UNISTD_H 1
| #define HAVE_DLFCN_H 1
| #define LT_OBJDIR ".libs/"
| #define HAVE_LIBDL 1
| #define HAVE_LIBPTHREAD 1
| /* end confdefs.h.  */
| 
| /* Override any GCC internal prototype to avoid an error.
|    Use char because int might match the return type of a GCC
|    builtin and then its argument prototype would still apply.  */
| #ifdef __cplusplus
| extern "C"
| #endif
| char socket ();
| int
| main ()
| {
| return socket ();
|   ;
|   return 0;
| }
configure:12993: result: no
configure:13011: checking for special C compiler options needed for large files
configure:13056: result: no
configure:13062: checking for _FILE_OFFSET_BITS value needed for large files
configure:13087: /Library/Developer/CommandLineTools/usr/bin/cc -isysroot/Library/Developer/CommandLineTools/SDKs/MacOSX11.1.sdk -c -g -O2 -g -std=gnu89 -Wall -Wextra -Wno-long-long -Wno-unused-parameter -Wstrict-prototypes  conftest.c >&5
configure:13087: $? = 0
configure:13119: result: no
configure:13444: checking sys/ahafs_evProds.h usability
configure:13444: /Library/Developer/CommandLineTools/usr/bin/cc -isysroot/Library/Developer/CommandLineTools/SDKs/MacOSX11.1.sdk -c -g -O2 -g -std=gnu89 -Wall -Wextra -Wno-long-long -Wno-unused-parameter -Wstrict-prototypes  conftest.c >&5
conftest.c:59:10: fatal error: 'sys/ahafs_evProds.h' file not found
#include <sys/ahafs_evProds.h>
         ^~~~~~~~~~~~~~~~~~~~~
1 error generated.
configure:13444: $? = 1
configure: failed program was:
| /* confdefs.h */
| #define PACKAGE_NAME "libuv"
| #define PACKAGE_TARNAME "libuv"
| #define PACKAGE_VERSION "1.34.2"
| #define PACKAGE_STRING "libuv 1.34.2"
| #define PACKAGE_BUGREPORT "https://github.com/libuv/libuv/issues"
| #define PACKAGE_URL ""
| #define PACKAGE "libuv"
| #define VERSION "1.34.2"
| #define SUPPORT_FLAG_VISIBILITY 1
| #define STDC_HEADERS 1
| #define HAVE_SYS_TYPES_H 1
| #define HAVE_SYS_STAT_H 1
| #define HAVE_STDLIB_H 1
| #define HAVE_STRING_H 1
| #define HAVE_MEMORY_H 1
| #define HAVE_STRINGS_H 1
| #define HAVE_INTTYPES_H 1
| #define HAVE_STDINT_H 1
| #define HAVE_UNISTD_H 1
| #define HAVE_DLFCN_H 1
| #define LT_OBJDIR ".libs/"
| #define HAVE_LIBDL 1
| #define HAVE_LIBPTHREAD 1
| /* end confdefs.h.  */
| #include <stdio.h>
| #ifdef HAVE_SYS_TYPES_H
| # include <sys/types.h>
| #endif
| #ifdef HAVE_SYS_STAT_H
| # include <sys/stat.h>
| #endif
| #ifdef STDC_HEADERS
| # include <stdlib.h>
| # include <stddef.h>
| #else
| # ifdef HAVE_STDLIB_H
| #  include <stdlib.h>
| # endif
| #endif
| #ifdef HAVE_STRING_H
| # if !defined STDC_HEADERS && defined HAVE_MEMORY_H
| #  include <memory.h>
| # endif
| # include <string.h>
| #endif
| #ifdef HAVE_STRINGS_H
| # include <strings.h>
| #endif
| #ifdef HAVE_INTTYPES_H
| # include <inttypes.h>
| #endif
| #ifdef HAVE_STDINT_H
| # include <stdint.h>
| #endif
| #ifdef HAVE_UNISTD_H
| # include <unistd.h>
| #endif
| #include <sys/ahafs_evProds.h>
configure:13444: result: no
configure:13444: checking sys/ahafs_evProds.h presence
configure:13444: /Library/Developer/CommandLineTools/usr/bin/cc -isysroot/Library/Developer/CommandLineTools/SDKs/MacOSX11.1.sdk -E  conftest.c
conftest.c:26:10: fatal error: 'sys/ahafs_evProds.h' file not found
#include <sys/ahafs_evProds.h>
         ^~~~~~~~~~~~~~~~~~~~~
1 error generated.
configure:13444: $? = 1
configure: failed program was:
| /* confdefs.h */
| #define PACKAGE_NAME "libuv"
| #define PACKAGE_TARNAME "libuv"
| #define PACKAGE_VERSION "1.34.2"
| #define PACKAGE_STRING "libuv 1.34.2"
| #define PACKAGE_BUGREPORT "https://github.com/libuv/libuv/issues"
| #define PACKAGE_URL ""
| #define PACKAGE "libuv"
| #define VERSION "1.34.2"
| #define SUPPORT_FLAG_VISIBILITY 1
| #define STDC_HEADERS 1
| #define HAVE_SYS_TYPES_H 1
| #define HAVE_SYS_STAT_H 1
| #define HAVE_STDLIB_H 1
| #define HAVE_STRING_H 1
| #define HAVE_MEMORY_H 1
| #define HAVE_STRINGS_H 1
| #define HAVE_INTTYPES_H 1
| #define HAVE_STDINT_H 1
| #define HAVE_UNISTD_H 1
| #define HAVE_DLFCN_H 1
| #define LT_OBJDIR ".libs/"
| #define HAVE_LIBDL 1
| #define HAVE_LIBPTHREAD 1
| /* end confdefs.h.  */
| #include <sys/ahafs_evProds.h>
configure:13444: result: no
configure:13444: checking for sys/ahafs_evProds.h
configure:13444: result: no
configure:13607: checking that generated files are newer than configure
configure:13613: result: done
configure:13700: creating ./config.status

## ---------------------- ##
## Running config.status. ##
## ---------------------- ##

This file was extended by libuv config.status 1.34.2, which was
generated by GNU Autoconf 2.69.  Invocation command line was

  CONFIG_FILES    = 
  CONFIG_HEADERS  = 
  CONFIG_LINKS    = 
  CONFIG_COMMANDS = 
  $ ./config.status 

on Shi-Rongs-MacBook-Pro.local

config.status:1041: creating Makefile
config.status:1041: creating libuv.pc
config.status:1210: linking /Users/shi-rongliu/tool/neovim-master/.deps/build/src/libuv/test/fixtures/empty_file to test/fixtures/empty_file
config.status:1210: linking /Users/shi-rongliu/tool/neovim-master/.deps/build/src/libuv/test/fixtures/load_error.node to test/fixtures/load_error.node
config.status:1210: linking /Users/shi-rongliu/tool/neovim-master/.deps/build/src/libuv/test/fixtures/lorem_ipsum.txt to test/fixtures/lorem_ipsum.txt
config.status:1229: executing depfiles commands
config.status:1302: cd .       && sed -e '/# am--include-marker/d' Makefile         | /Library/Developer/CommandLineTools/usr/bin/make -f - am--depfiles
config.status:1307: $? = 0
config.status:1229: executing libtool commands

## ---------------- ##
## Cache variables. ##
## ---------------- ##

ac_cv_build=x86_64-apple-darwin20.3.0
ac_cv_c_compiler_gnu=yes
ac_cv_env_CC_set=set
ac_cv_env_CC_value='/Library/Developer/CommandLineTools/usr/bin/cc -isysroot/Library/Developer/CommandLineTools/SDKs/MacOSX11.1.sdk'
ac_cv_env_CFLAGS_set=
ac_cv_env_CFLAGS_value=
ac_cv_env_CPPFLAGS_set=
ac_cv_env_CPPFLAGS_value=
ac_cv_env_CPP_set=
ac_cv_env_CPP_value=
ac_cv_env_LDFLAGS_set=
ac_cv_env_LDFLAGS_value=
ac_cv_env_LIBS_set=
ac_cv_env_LIBS_value=
ac_cv_env_LT_SYS_LIBRARY_PATH_set=
ac_cv_env_LT_SYS_LIBRARY_PATH_value=
ac_cv_env_build_alias_set=
ac_cv_env_build_alias_value=
ac_cv_env_host_alias_set=
ac_cv_env_host_alias_value=
ac_cv_env_target_alias_set=
ac_cv_env_target_alias_value=
ac_cv_header_dlfcn_h=yes
ac_cv_header_inttypes_h=yes
ac_cv_header_memory_h=yes
ac_cv_header_stdc=yes
ac_cv_header_stdint_h=yes
ac_cv_header_stdlib_h=yes
ac_cv_header_string_h=yes
ac_cv_header_strings_h=yes
ac_cv_header_sys_ahafs_evProds_h=no
ac_cv_header_sys_stat_h=yes
ac_cv_header_sys_types_h=yes
ac_cv_header_unistd_h=yes
ac_cv_host=x86_64-apple-darwin20.3.0
ac_cv_lib_dl_dlopen=yes
ac_cv_lib_kstat_kstat_lookup=no
ac_cv_lib_nsl_gethostbyname=no
ac_cv_lib_perfstat_perfstat_cpu=no
ac_cv_lib_pthread_pthread_mutex_init=yes
ac_cv_lib_rt_clock_gettime=no
ac_cv_lib_sendfile_sendfile=no
ac_cv_lib_socket_socket=no
ac_cv_objext=o
ac_cv_path_EGREP='/usr/bin/grep -E'
ac_cv_path_FGREP='/usr/bin/grep -F'
ac_cv_path_GREP=/usr/bin/grep
ac_cv_path_SED=/usr/local/bin/gsed
ac_cv_path_install='/usr/bin/install -c'
ac_cv_path_lt_DD=/bin/dd
ac_cv_prog_AWK=awk
ac_cv_prog_CPP='/Library/Developer/CommandLineTools/usr/bin/cc -isysroot/Library/Developer/CommandLineTools/SDKs/MacOSX11.1.sdk -E'
ac_cv_prog_ac_ct_AR=ar
ac_cv_prog_ac_ct_CC='/Library/Developer/CommandLineTools/usr/bin/cc -isysroot/Library/Developer/CommandLineTools/SDKs/MacOSX11.1.sdk'
ac_cv_prog_ac_ct_DSYMUTIL=dsymutil
ac_cv_prog_ac_ct_LIPO=lipo
ac_cv_prog_ac_ct_NMEDIT=nmedit
ac_cv_prog_ac_ct_OBJDUMP=objdump
ac_cv_prog_ac_ct_OTOOL=otool
ac_cv_prog_ac_ct_RANLIB=ranlib
ac_cv_prog_ac_ct_STRIP=strip
ac_cv_prog_cc_c89=
ac_cv_prog_cc_g=yes
ac_cv_prog_make__Library_Developer_CommandLineTools_usr_bin_make_set=yes
ac_cv_sys_file_offset_bits=no
ac_cv_sys_largefile_CC=no
am_cv_CC_dependencies_compiler_type=gcc3
am_cv_ar_interface=ar
am_cv_make_support_nested_variables=yes
am_cv_prog_cc_c_o=yes
cc_cv_cflags__Wall=yes
cc_cv_cflags__Werror=yes
cc_cv_cflags__Wextra=yes
cc_cv_cflags__Wno_long_long=yes
cc_cv_cflags__Wno_unused_parameter=yes
cc_cv_cflags__Wstrict_prototypes=yes
cc_cv_cflags__fvisibility_hidden=yes
cc_cv_cflags__g=yes
cc_cv_cflags__std_gnu89=yes
cc_cv_flag_visibility=yes
cc_cv_werror=-Werror
lt_cv_apple_cc_single_mod=yes
lt_cv_ar_at_file=no
lt_cv_deplibs_check_method=pass_all
lt_cv_file_magic_cmd='$MAGIC_CMD'
lt_cv_file_magic_test_file=
lt_cv_ld_exported_symbols_list=yes
lt_cv_ld_force_load=yes
lt_cv_ld_reload_flag=-r
lt_cv_nm_interface='BSD nm'
lt_cv_objdir=.libs
lt_cv_path_LD=/Library/Developer/CommandLineTools/usr/bin/ld
lt_cv_path_NM='/usr/bin/nm -B'
lt_cv_path_mainfest_tool=no
lt_cv_prog_compiler_c_o=yes
lt_cv_prog_compiler_pic='-fno-common -DPIC'
lt_cv_prog_compiler_pic_works=yes
lt_cv_prog_compiler_rtti_exceptions=yes
lt_cv_prog_compiler_static_works=no
lt_cv_prog_gnu_ld=no
lt_cv_sharedlib_from_linklib_cmd='printf %s\n'
lt_cv_sys_global_symbol_pipe='sed -n -e '\''s/^.*[	 ]\([BCDEGRST][BCDEGRST]*\)[	 ][	 ]*_\([_A-Za-z][_A-Za-z0-9]*\)$/\1 _\2 \2/p'\'' | sed '\''/ __gnu_lto/d'\'''
lt_cv_sys_global_symbol_to_c_name_address='sed -n -e '\''s/^: \(.*\) .*$/  {"\1", (void *) 0},/p'\'' -e '\''s/^[BCDEGRST][BCDEGRST]* .* \(.*\)$/  {"\1", (void *) \&\1},/p'\'''
lt_cv_sys_global_symbol_to_c_name_address_lib_prefix='sed -n -e '\''s/^: \(.*\) .*$/  {"\1", (void *) 0},/p'\'' -e '\''s/^[BCDEGRST][BCDEGRST]* .* \(lib.*\)$/  {"\1", (void *) \&\1},/p'\'' -e '\''s/^[BCDEGRST][BCDEGRST]* .* \(.*\)$/  {"lib\1", (void *) \&\1},/p'\'''
lt_cv_sys_global_symbol_to_cdecl='sed -n -e '\''s/^T .* \(.*\)$/extern int \1();/p'\'' -e '\''s/^[BCDEGRST][BCDEGRST]* .* \(.*\)$/extern char \1;/p'\'''
lt_cv_sys_global_symbol_to_import=
lt_cv_sys_max_cmd_len=786432
lt_cv_to_host_file_cmd=func_convert_file_noop
lt_cv_to_tool_file_cmd=func_convert_file_noop
lt_cv_truncate_bin='/bin/dd bs=4096 count=1'

## ----------------- ##
## Output variables. ##
## ----------------- ##

ACLOCAL='${SHELL} '\''/Users/shi-rongliu/tool/neovim-master/.deps/build/src/libuv/missing'\'' aclocal-1.16'
AIX_FALSE=''
AIX_TRUE='#'
AMDEPBACKSLASH='\'
AMDEP_FALSE='#'
AMDEP_TRUE=''
AMTAR='$${TAR-tar}'
AM_BACKSLASH='\'
AM_DEFAULT_V='$(AM_DEFAULT_VERBOSITY)'
AM_DEFAULT_VERBOSITY='0'
AM_V='$(V)'
ANDROID_FALSE=''
ANDROID_TRUE='#'
AR='ar'
AUTOCONF='${SHELL} '\''/Users/shi-rongliu/tool/neovim-master/.deps/build/src/libuv/missing'\'' autoconf'
AUTOHEADER='${SHELL} '\''/Users/shi-rongliu/tool/neovim-master/.deps/build/src/libuv/missing'\'' autoheader'
AUTOMAKE='${SHELL} '\''/Users/shi-rongliu/tool/neovim-master/.deps/build/src/libuv/missing'\'' automake-1.16'
AWK='awk'
CC='/Library/Developer/CommandLineTools/usr/bin/cc -isysroot/Library/Developer/CommandLineTools/SDKs/MacOSX11.1.sdk'
CCDEPMODE='depmode=gcc3'
CFLAGS='-g -O2 -g -std=gnu89 -Wall -Wextra -Wno-long-long -Wno-unused-parameter -Wstrict-prototypes'
CPP='/Library/Developer/CommandLineTools/usr/bin/cc -isysroot/Library/Developer/CommandLineTools/SDKs/MacOSX11.1.sdk -E'
CPPFLAGS=''
CYGPATH_W='echo'
CYGWIN_FALSE=''
CYGWIN_TRUE='#'
DARWIN_FALSE='#'
DARWIN_TRUE=''
DEFS='-DPACKAGE_NAME=\"libuv\" -DPACKAGE_TARNAME=\"libuv\" -DPACKAGE_VERSION=\"1.34.2\" -DPACKAGE_STRING=\"libuv\ 1.34.2\" -DPACKAGE_BUGREPORT=\"https://github.com/libuv/libuv/issues\" -DPACKAGE_URL=\"\" -DPACKAGE=\"libuv\" -DVERSION=\"1.34.2\" -DSUPPORT_FLAG_VISIBILITY=1 -DSTDC_HEADERS=1 -DHAVE_SYS_TYPES_H=1 -DHAVE_SYS_STAT_H=1 -DHAVE_STDLIB_H=1 -DHAVE_STRING_H=1 -DHAVE_MEMORY_H=1 -DHAVE_STRINGS_H=1 -DHAVE_INTTYPES_H=1 -DHAVE_STDINT_H=1 -DHAVE_UNISTD_H=1 -DHAVE_DLFCN_H=1 -DLT_OBJDIR=\".libs/\" -DHAVE_LIBDL=1 -DHAVE_LIBPTHREAD=1'
DEPDIR='.deps'
DLLTOOL='false'
DRAGONFLY_FALSE=''
DRAGONFLY_TRUE='#'
DSYMUTIL='dsymutil'
DUMPBIN=''
ECHO_C='\c'
ECHO_N=''
ECHO_T=''
EGREP='/usr/bin/grep -E'
EXEEXT=''
FGREP='/usr/bin/grep -F'
FREEBSD_FALSE=''
FREEBSD_TRUE='#'
GREP='/usr/bin/grep'
HAIKU_FALSE=''
HAIKU_TRUE='#'
HURD_FALSE=''
HURD_TRUE='#'
INSTALL_DATA='${INSTALL} -m 644'
INSTALL_PROGRAM='${INSTALL}'
INSTALL_SCRIPT='${INSTALL}'
INSTALL_STRIP_PROGRAM='$(install_sh) -c -s'
LD='/Library/Developer/CommandLineTools/usr/bin/ld'
LDFLAGS=''
LIBOBJS=''
LIBS='-lpthread -ldl '
LIBTOOL='$(SHELL) $(top_builddir)/libtool'
LINUX_FALSE=''
LINUX_TRUE='#'
LIPO='lipo'
LN_S='ln -s'
LTLIBOBJS=''
LT_SYS_LIBRARY_PATH=''
MAKEINFO='${SHELL} '\''/Users/shi-rongliu/tool/neovim-master/.deps/build/src/libuv/missing'\'' makeinfo'
MANIFEST_TOOL=':'
MKDIR_P='/Users/shi-rongliu/tool/neovim-master/.deps/build/src/libuv/install-sh -c -d'
MSYS_FALSE=''
MSYS_TRUE='#'
NETBSD_FALSE=''
NETBSD_TRUE='#'
NM='/usr/bin/nm -B'
NMEDIT='nmedit'
OBJDUMP='objdump'
OBJEXT='o'
OPENBSD_FALSE=''
OPENBSD_TRUE='#'
OS390_FALSE=''
OS390_TRUE='#'
OS400_FALSE=''
OS400_TRUE='#'
OTOOL64=':'
OTOOL='otool'
PACKAGE='libuv'
PACKAGE_BUGREPORT='https://github.com/libuv/libuv/issues'
PACKAGE_NAME='libuv'
PACKAGE_STRING='libuv 1.34.2'
PACKAGE_TARNAME='libuv'
PACKAGE_URL=''
PACKAGE_VERSION='1.34.2'
PATH_SEPARATOR=':'
RANLIB='ranlib'
SED='/usr/local/bin/gsed'
SET_MAKE=''
SHELL='/bin/sh'
STRIP='strip'
SUNOS_FALSE=''
SUNOS_TRUE='#'
VERSION='1.34.2'
WINNT_FALSE=''
WINNT_TRUE='#'
ac_ct_AR='ar'
ac_ct_CC='/Library/Developer/CommandLineTools/usr/bin/cc -isysroot/Library/Developer/CommandLineTools/SDKs/MacOSX11.1.sdk'
ac_ct_DUMPBIN=''
am__EXEEXT_FALSE=''
am__EXEEXT_TRUE='#'
am__fastdepCC_FALSE='#'
am__fastdepCC_TRUE=''
am__include='include'
am__isrc=' -I$(srcdir)'
am__leading_dot='.'
am__nodep='_no'
am__quote=''
am__tar='$${TAR-tar} chof - "$$tardir"'
am__untar='$${TAR-tar} xf -'
bindir='${exec_prefix}/bin'
build='x86_64-apple-darwin20.3.0'
build_alias=''
build_cpu='x86_64'
build_os='darwin20.3.0'
build_vendor='apple'
datadir='${datarootdir}'
datarootdir='${prefix}/share'
docdir='${datarootdir}/doc/${PACKAGE_TARNAME}'
dvidir='${docdir}'
exec_prefix='${prefix}'
host='x86_64-apple-darwin20.3.0'
host_alias=''
host_cpu='x86_64'
host_os='darwin20.3.0'
host_vendor='apple'
htmldir='${docdir}'
includedir='${prefix}/include'
infodir='${datarootdir}/info'
install_sh='${SHELL} /Users/shi-rongliu/tool/neovim-master/.deps/build/src/libuv/install-sh'
libdir='/Users/shi-rongliu/tool/neovim-master/.deps/usr/lib'
libexecdir='${exec_prefix}/libexec'
localedir='${datarootdir}/locale'
localstatedir='${prefix}/var'
mandir='${datarootdir}/man'
mkdir_p='$(MKDIR_P)'
oldincludedir='/usr/include'
pdfdir='${docdir}'
prefix='/Users/shi-rongliu/tool/neovim-master/.deps/usr'
program_transform_name='s,x,x,'
psdir='${docdir}'
sbindir='${exec_prefix}/sbin'
sharedstatedir='${prefix}/com'
sysconfdir='${prefix}/etc'
target_alias=''

## ----------- ##
## confdefs.h. ##
## ----------- ##

/* confdefs.h */
#define PACKAGE_NAME "libuv"
#define PACKAGE_TARNAME "libuv"
#define PACKAGE_VERSION "1.34.2"
#define PACKAGE_STRING "libuv 1.34.2"
#define PACKAGE_BUGREPORT "https://github.com/libuv/libuv/issues"
#define PACKAGE_URL ""
#define PACKAGE "libuv"
#define VERSION "1.34.2"
#define SUPPORT_FLAG_VISIBILITY 1
#define STDC_HEADERS 1
#define HAVE_SYS_TYPES_H 1
#define HAVE_SYS_STAT_H 1
#define HAVE_STDLIB_H 1
#define HAVE_STRING_H 1
#define HAVE_MEMORY_H 1
#define HAVE_STRINGS_H 1
#define HAVE_INTTYPES_H 1
#define HAVE_STDINT_H 1
#define HAVE_UNISTD_H 1
#define HAVE_DLFCN_H 1
#define LT_OBJDIR ".libs/"
#define HAVE_LIBDL 1
#define HAVE_LIBPTHREAD 1

configure: exit 0
