This file contains any messages produced by compilers while
running configure, to aid debugging if configure makes a mistake.

It was created by configure, which was
generated by GNU Autoconf 2.69.  Invocation command line was

  $ ./configure --disable-option-checking --prefix=/Users/shi-rongliu/tool/neovim-master/.deps/usr MAKE=/Library/Developer/CommandLineTools/usr/bin/make CC=/Library/Developer/CommandLineTools/usr/bin/cc -isysroot/Library/Developer/CommandLineTools/SDKs/MacOSX11.1.sdk CXX=/Library/Developer/CommandLineTools/usr/bin/c++ -isysroot/Library/Developer/CommandLineTools/SDKs/MacOSX11.1.sdk LD=/Library/Developer/CommandLineTools/usr/bin/cc -isysroot/Library/Developer/CommandLineTools/SDKs/MacOSX11.1.sdk --cache-file=/dev/null --srcdir=.

## --------- ##
## Platform. ##
## --------- ##

hostname = Shi-Rongs-MacBook-Pro.local
uname -m = x86_64
uname -r = 20.3.0
uname -s = Darwin
uname -v = Darwin Kernel Version 20.3.0: Thu Jan 21 00:07:06 PST 2021; root:xnu-7195.81.3~1/RELEASE_X86_64

/usr/bin/uname -p = i386
/bin/uname -X     = unknown

/bin/arch              = unknown
/usr/bin/arch -k       = unknown
/usr/convex/getsysinfo = unknown
/usr/bin/hostinfo      = Mach kernel version:
	 Darwin Kernel Version 20.3.0: Thu Jan 21 00:07:06 PST 2021; root:xnu-7195.81.3~1/RELEASE_X86_64
Kernel configured for up to 4 processors.
2 processors are physically available.
4 processors are logically available.
Processor type: x86_64h (Intel x86-64h Haswell)
Processors active: 0 1 2 3
Primary memory available: 8.00 gigabytes
Default processor set: 520 tasks, 3366 threads, 4 processors
Load average: 3.13, Mach factor: 1.34
/bin/machine           = unknown
/usr/bin/oslevel       = unknown
/bin/universe          = unknown

PATH: /usr/local/sbin
PATH: /usr/local/sbin
PATH: /usr/local/Cellar/macvim/8.0-133/MacVim.app/Contents/bin
PATH: /Users/shi-rongliu/bin
PATH: /usr/local/bin
PATH: /usr/local/bin
PATH: /usr/bin
PATH: /bin
PATH: /usr/sbin
PATH: /sbin
PATH: /Library/TeX/texbin
PATH: /Library/Apple/usr/bin
PATH: /usr/local/sbin
PATH: /usr/local/Cellar/macvim/8.0-133/MacVim.app/Contents/bin
PATH: /Users/shi-rongliu/bin
PATH: /Users/shi-rongliu/.rvm/bin


## ----------- ##
## Core tests. ##
## ----------- ##

configure:1857: checking whether /Library/Developer/CommandLineTools/usr/bin/make sets $(MAKE)
configure:1879: result: yes
configure:1936: checking for gcc
configure:1963: result: /Library/Developer/CommandLineTools/usr/bin/cc -isysroot/Library/Developer/CommandLineTools/SDKs/MacOSX11.1.sdk
configure:2192: checking for C compiler version
configure:2201: /Library/Developer/CommandLineTools/usr/bin/cc -isysroot/Library/Developer/CommandLineTools/SDKs/MacOSX11.1.sdk --version >&5
Apple clang version 12.0.0 (clang-1200.0.32.29)
Target: x86_64-apple-darwin20.3.0
Thread model: posix
InstalledDir: /Library/Developer/CommandLineTools/usr/bin
configure:2212: $? = 0
configure:2201: /Library/Developer/CommandLineTools/usr/bin/cc -isysroot/Library/Developer/CommandLineTools/SDKs/MacOSX11.1.sdk -v >&5
Apple clang version 12.0.0 (clang-1200.0.32.29)
Target: x86_64-apple-darwin20.3.0
Thread model: posix
InstalledDir: /Library/Developer/CommandLineTools/usr/bin
clang: warning: argument unused during compilation: '-isysroot /Library/Developer/CommandLineTools/SDKs/MacOSX11.1.sdk' [-Wunused-command-line-argument]
configure:2212: $? = 0
configure:2201: /Library/Developer/CommandLineTools/usr/bin/cc -isysroot/Library/Developer/CommandLineTools/SDKs/MacOSX11.1.sdk -V >&5
clang: error: argument to '-V' is missing (expected 1 value)
clang: error: no input files
configure:2212: $? = 1
configure:2201: /Library/Developer/CommandLineTools/usr/bin/cc -isysroot/Library/Developer/CommandLineTools/SDKs/MacOSX11.1.sdk -qversion >&5
clang: error: unknown argument '-qversion'; did you mean '--version'?
clang: error: no input files
configure:2212: $? = 1
configure:2232: checking whether the C compiler works
configure:2254: /Library/Developer/CommandLineTools/usr/bin/cc -isysroot/Library/Developer/CommandLineTools/SDKs/MacOSX11.1.sdk    conftest.c  >&5
configure:2258: $? = 0
configure:2306: result: yes
configure:2309: checking for C compiler default output file name
configure:2311: result: a.out
configure:2317: checking for suffix of executables
configure:2324: /Library/Developer/CommandLineTools/usr/bin/cc -isysroot/Library/Developer/CommandLineTools/SDKs/MacOSX11.1.sdk -o conftest    conftest.c  >&5
configure:2328: $? = 0
configure:2350: result: 
configure:2372: checking whether we are cross compiling
configure:2380: /Library/Developer/CommandLineTools/usr/bin/cc -isysroot/Library/Developer/CommandLineTools/SDKs/MacOSX11.1.sdk -o conftest    conftest.c  >&5
configure:2384: $? = 0
configure:2391: ./conftest
configure:2395: $? = 0
configure:2410: result: no
configure:2415: checking for suffix of object files
configure:2437: /Library/Developer/CommandLineTools/usr/bin/cc -isysroot/Library/Developer/CommandLineTools/SDKs/MacOSX11.1.sdk -c   conftest.c >&5
configure:2441: $? = 0
configure:2462: result: o
configure:2466: checking whether we are using the GNU C compiler
configure:2485: /Library/Developer/CommandLineTools/usr/bin/cc -isysroot/Library/Developer/CommandLineTools/SDKs/MacOSX11.1.sdk -c   conftest.c >&5
configure:2485: $? = 0
configure:2494: result: yes
configure:2503: checking whether /Library/Developer/CommandLineTools/usr/bin/cc -isysroot/Library/Developer/CommandLineTools/SDKs/MacOSX11.1.sdk accepts -g
configure:2523: /Library/Developer/CommandLineTools/usr/bin/cc -isysroot/Library/Developer/CommandLineTools/SDKs/MacOSX11.1.sdk -c -g  conftest.c >&5
configure:2523: $? = 0
configure:2564: result: yes
configure:2581: checking for /Library/Developer/CommandLineTools/usr/bin/cc -isysroot/Library/Developer/CommandLineTools/SDKs/MacOSX11.1.sdk option to accept ISO C89
configure:2644: /Library/Developer/CommandLineTools/usr/bin/cc -isysroot/Library/Developer/CommandLineTools/SDKs/MacOSX11.1.sdk  -c -g -O2  conftest.c >&5
configure:2644: $? = 0
configure:2657: result: none needed
configure:2682: checking how to run the C preprocessor
configure:2713: /Library/Developer/CommandLineTools/usr/bin/cc -isysroot/Library/Developer/CommandLineTools/SDKs/MacOSX11.1.sdk -E  conftest.c
configure:2713: $? = 0
configure:2727: /Library/Developer/CommandLineTools/usr/bin/cc -isysroot/Library/Developer/CommandLineTools/SDKs/MacOSX11.1.sdk -E  conftest.c
conftest.c:9:10: fatal error: 'ac_nonexistent.h' file not found
#include <ac_nonexistent.h>
         ^~~~~~~~~~~~~~~~~~
1 error generated.
configure:2727: $? = 1
configure: failed program was:
| /* confdefs.h */
| #define PACKAGE_NAME ""
| #define PACKAGE_TARNAME ""
| #define PACKAGE_VERSION ""
| #define PACKAGE_STRING ""
| #define PACKAGE_BUGREPORT ""
| #define PACKAGE_URL ""
| /* end confdefs.h.  */
| #include <ac_nonexistent.h>
configure:2752: result: /Library/Developer/CommandLineTools/usr/bin/cc -isysroot/Library/Developer/CommandLineTools/SDKs/MacOSX11.1.sdk -E
configure:2772: /Library/Developer/CommandLineTools/usr/bin/cc -isysroot/Library/Developer/CommandLineTools/SDKs/MacOSX11.1.sdk -E  conftest.c
configure:2772: $? = 0
configure:2786: /Library/Developer/CommandLineTools/usr/bin/cc -isysroot/Library/Developer/CommandLineTools/SDKs/MacOSX11.1.sdk -E  conftest.c
conftest.c:9:10: fatal error: 'ac_nonexistent.h' file not found
#include <ac_nonexistent.h>
         ^~~~~~~~~~~~~~~~~~
1 error generated.
configure:2786: $? = 1
configure: failed program was:
| /* confdefs.h */
| #define PACKAGE_NAME ""
| #define PACKAGE_TARNAME ""
| #define PACKAGE_VERSION ""
| #define PACKAGE_STRING ""
| #define PACKAGE_BUGREPORT ""
| #define PACKAGE_URL ""
| /* end confdefs.h.  */
| #include <ac_nonexistent.h>
configure:2926: checking for C++ compiler version
configure:2935: /Library/Developer/CommandLineTools/usr/bin/c++ -isysroot/Library/Developer/CommandLineTools/SDKs/MacOSX11.1.sdk --version >&5
Apple clang version 12.0.0 (clang-1200.0.32.29)
Target: x86_64-apple-darwin20.3.0
Thread model: posix
InstalledDir: /Library/Developer/CommandLineTools/usr/bin
configure:2946: $? = 0
configure:2935: /Library/Developer/CommandLineTools/usr/bin/c++ -isysroot/Library/Developer/CommandLineTools/SDKs/MacOSX11.1.sdk -v >&5
Apple clang version 12.0.0 (clang-1200.0.32.29)
Target: x86_64-apple-darwin20.3.0
Thread model: posix
InstalledDir: /Library/Developer/CommandLineTools/usr/bin
clang: warning: argument unused during compilation: '-isysroot /Library/Developer/CommandLineTools/SDKs/MacOSX11.1.sdk' [-Wunused-command-line-argument]
configure:2946: $? = 0
configure:2935: /Library/Developer/CommandLineTools/usr/bin/c++ -isysroot/Library/Developer/CommandLineTools/SDKs/MacOSX11.1.sdk -V >&5
clang: error: argument to '-V' is missing (expected 1 value)
clang: error: no input files
configure:2946: $? = 1
configure:2935: /Library/Developer/CommandLineTools/usr/bin/c++ -isysroot/Library/Developer/CommandLineTools/SDKs/MacOSX11.1.sdk -qversion >&5
clang: error: unknown argument '-qversion'; did you mean '--version'?
clang: error: no input files
configure:2946: $? = 1
configure:2950: checking whether we are using the GNU C++ compiler
configure:2969: /Library/Developer/CommandLineTools/usr/bin/c++ -isysroot/Library/Developer/CommandLineTools/SDKs/MacOSX11.1.sdk -c   conftest.cpp >&5
configure:2969: $? = 0
configure:2978: result: yes
configure:2987: checking whether /Library/Developer/CommandLineTools/usr/bin/c++ -isysroot/Library/Developer/CommandLineTools/SDKs/MacOSX11.1.sdk accepts -g
configure:3007: /Library/Developer/CommandLineTools/usr/bin/c++ -isysroot/Library/Developer/CommandLineTools/SDKs/MacOSX11.1.sdk -c -g  conftest.cpp >&5
configure:3007: $? = 0
configure:3048: result: yes
configure:3076: checking how to run the C++ preprocessor
configure:3103: /Library/Developer/CommandLineTools/usr/bin/c++ -isysroot/Library/Developer/CommandLineTools/SDKs/MacOSX11.1.sdk -E  conftest.cpp
configure:3103: $? = 0
configure:3117: /Library/Developer/CommandLineTools/usr/bin/c++ -isysroot/Library/Developer/CommandLineTools/SDKs/MacOSX11.1.sdk -E  conftest.cpp
conftest.cpp:9:10: fatal error: 'ac_nonexistent.h' file not found
#include <ac_nonexistent.h>
         ^~~~~~~~~~~~~~~~~~
1 error generated.
configure:3117: $? = 1
configure: failed program was:
| /* confdefs.h */
| #define PACKAGE_NAME ""
| #define PACKAGE_TARNAME ""
| #define PACKAGE_VERSION ""
| #define PACKAGE_STRING ""
| #define PACKAGE_BUGREPORT ""
| #define PACKAGE_URL ""
| /* end confdefs.h.  */
| #include <ac_nonexistent.h>
configure:3142: result: /Library/Developer/CommandLineTools/usr/bin/c++ -isysroot/Library/Developer/CommandLineTools/SDKs/MacOSX11.1.sdk -E
configure:3162: /Library/Developer/CommandLineTools/usr/bin/c++ -isysroot/Library/Developer/CommandLineTools/SDKs/MacOSX11.1.sdk -E  conftest.cpp
configure:3162: $? = 0
configure:3176: /Library/Developer/CommandLineTools/usr/bin/c++ -isysroot/Library/Developer/CommandLineTools/SDKs/MacOSX11.1.sdk -E  conftest.cpp
conftest.cpp:9:10: fatal error: 'ac_nonexistent.h' file not found
#include <ac_nonexistent.h>
         ^~~~~~~~~~~~~~~~~~
1 error generated.
configure:3176: $? = 1
configure: failed program was:
| /* confdefs.h */
| #define PACKAGE_NAME ""
| #define PACKAGE_TARNAME ""
| #define PACKAGE_VERSION ""
| #define PACKAGE_STRING ""
| #define PACKAGE_BUGREPORT ""
| #define PACKAGE_URL ""
| /* end confdefs.h.  */
| #include <ac_nonexistent.h>
configure:3247: checking for ar
configure:3263: found /usr/bin/ar
configure:3274: result: ar
configure:3339: checking for ranlib
configure:3355: found /usr/bin/ranlib
configure:3366: result: ranlib
configure:3398: checking for a BSD compatible install
configure:3440: result: /usr/bin/install -c
configure:3604: creating ./config.status

## ---------------------- ##
## Running config.status. ##
## ---------------------- ##

This file was extended by config.status, which was
generated by GNU Autoconf 2.69.  Invocation command line was

  CONFIG_FILES    = 
  CONFIG_HEADERS  = 
  CONFIG_LINKS    = 
  CONFIG_COMMANDS = 
  $ ./config.status 

on Shi-Rongs-MacBook-Pro.local

config.status:729: creating Makefile

## ---------------- ##
## Cache variables. ##
## ---------------- ##

ac_cv_c_compiler_gnu=yes
ac_cv_cxx_compiler_gnu=yes
ac_cv_env_CCC_set=
ac_cv_env_CCC_value=
ac_cv_env_CC_set=set
ac_cv_env_CC_value='/Library/Developer/CommandLineTools/usr/bin/cc -isysroot/Library/Developer/CommandLineTools/SDKs/MacOSX11.1.sdk'
ac_cv_env_CFLAGS_set=
ac_cv_env_CFLAGS_value=
ac_cv_env_CPPFLAGS_set=
ac_cv_env_CPPFLAGS_value=
ac_cv_env_CPP_set=
ac_cv_env_CPP_value=
ac_cv_env_CXXCPP_set=
ac_cv_env_CXXCPP_value=
ac_cv_env_CXXFLAGS_set=
ac_cv_env_CXXFLAGS_value=
ac_cv_env_CXX_set=set
ac_cv_env_CXX_value='/Library/Developer/CommandLineTools/usr/bin/c++ -isysroot/Library/Developer/CommandLineTools/SDKs/MacOSX11.1.sdk'
ac_cv_env_LDFLAGS_set=
ac_cv_env_LDFLAGS_value=
ac_cv_env_LIBS_set=
ac_cv_env_LIBS_value=
ac_cv_env_build_alias_set=
ac_cv_env_build_alias_value=
ac_cv_env_host_alias_set=
ac_cv_env_host_alias_value=
ac_cv_env_target_alias_set=
ac_cv_env_target_alias_value=
ac_cv_objext=o
ac_cv_prog_CPP='/Library/Developer/CommandLineTools/usr/bin/cc -isysroot/Library/Developer/CommandLineTools/SDKs/MacOSX11.1.sdk -E'
ac_cv_prog_CXXCPP='/Library/Developer/CommandLineTools/usr/bin/c++ -isysroot/Library/Developer/CommandLineTools/SDKs/MacOSX11.1.sdk -E'
ac_cv_prog_ac_ct_AR=ar
ac_cv_prog_ac_ct_CC='/Library/Developer/CommandLineTools/usr/bin/cc -isysroot/Library/Developer/CommandLineTools/SDKs/MacOSX11.1.sdk'
ac_cv_prog_ac_ct_RANLIB=ranlib
ac_cv_prog_cc_c89=
ac_cv_prog_cc_g=yes
ac_cv_prog_cxx_g=yes
ac_cv_prog_make__Library_Developer_CommandLineTools_usr_bin_make_set=yes
cl_cv_path_install='/usr/bin/install -c'

## ----------------- ##
## Output variables. ##
## ----------------- ##

AR='ar'
CC='/Library/Developer/CommandLineTools/usr/bin/cc -isysroot/Library/Developer/CommandLineTools/SDKs/MacOSX11.1.sdk'
CFLAGS='-g -O2'
CPP='/Library/Developer/CommandLineTools/usr/bin/cc -isysroot/Library/Developer/CommandLineTools/SDKs/MacOSX11.1.sdk -E'
CPPFLAGS=''
CXX='/Library/Developer/CommandLineTools/usr/bin/c++ -isysroot/Library/Developer/CommandLineTools/SDKs/MacOSX11.1.sdk'
CXXCPP='/Library/Developer/CommandLineTools/usr/bin/c++ -isysroot/Library/Developer/CommandLineTools/SDKs/MacOSX11.1.sdk -E'
CXXFLAGS='-g -O2'
DEFS='-DPACKAGE_NAME=\"\" -DPACKAGE_TARNAME=\"\" -DPACKAGE_VERSION=\"\" -DPACKAGE_STRING=\"\" -DPACKAGE_BUGREPORT=\"\" -DPACKAGE_URL=\"\"'
ECHO_C='\c'
ECHO_N=''
ECHO_T=''
EXEEXT=''
INSTALL='/usr/bin/install -c'
INSTALL_DATA='$(INSTALL) -m 644'
INSTALL_PROGRAM='$(INSTALL)'
LDFLAGS=''
LIBOBJS=''
LIBS=''
LTLIBOBJS=''
OBJEXT='o'
PACKAGE_BUGREPORT=''
PACKAGE_NAME=''
PACKAGE_STRING=''
PACKAGE_TARNAME=''
PACKAGE_URL=''
PACKAGE_VERSION=''
PATH_SEPARATOR=':'
RANLIB='ranlib'
SET_MAKE=''
SHELL='/bin/sh'
ac_ct_CC='/Library/Developer/CommandLineTools/usr/bin/cc -isysroot/Library/Developer/CommandLineTools/SDKs/MacOSX11.1.sdk'
ac_ct_CXX=''
bindir='${exec_prefix}/bin'
build_alias=''
datadir='${datarootdir}'
datarootdir='${prefix}/share'
docdir='${datarootdir}/doc/${PACKAGE}'
dvidir='${docdir}'
exec_prefix='${prefix}'
host_alias=''
htmldir='${docdir}'
includedir='${prefix}/include'
infodir='${datarootdir}/info'
libdir='${exec_prefix}/lib'
libexecdir='${exec_prefix}/libexec'
localedir='${datarootdir}/locale'
localstatedir='${prefix}/var'
mandir='${datarootdir}/man'
oldincludedir='/usr/include'
pdfdir='${docdir}'
prefix='/Users/shi-rongliu/tool/neovim-master/.deps/usr'
program_transform_name='s,x,x,'
psdir='${docdir}'
sbindir='${exec_prefix}/sbin'
sharedstatedir='${prefix}/com'
sysconfdir='${prefix}/etc'
target_alias=''

## ----------- ##
## confdefs.h. ##
## ----------- ##

/* confdefs.h */
#define PACKAGE_NAME ""
#define PACKAGE_TARNAME ""
#define PACKAGE_VERSION ""
#define PACKAGE_STRING ""
#define PACKAGE_BUGREPORT ""
#define PACKAGE_URL ""

configure: exit 0
